[   0.0000] Initiazing cgoup subsys cse
    0.0000 Iitiazig group subsyscp
[   .00000 Iitializingcgou subsyspucct
[   0.0000] inx versio 4.4.0-11-geerc buildlgw0-amd64-021) gccvesion5.4.0 260609 butu5.4.0-6butu1~1604.9)  #0-Ubuntu SMPMonFeb 1 21:2:0 UC 2018 (Ubntu4.4.0-116.140-generic .4.98)
[  0.00000] Cmad lie:OO_IMAGE=/boot/vminz-.40-11generic rot=UUID=2fcb7a-7bf-412b0b-d1ff410d1a0a o onle=ty1onole=ty0[   .00000]KERNELsuored cus
   0.00000]  tel GuieInte
[   0.000]  AM AuthntcAMD
[    0.0000  CetaurCentauHas
[   .00000]x86/fpu: xstate_offset[2]:  76xstate_sze[2: 256
[    00000]x8/fpu: Suppotig SAE eaur 0x0 '7 floain pint registers'
[    0.000000] x86/fpu: Supporting XSAVE feature 0x02: 'SSE registers'
[    0.000000] x86/fpu: Supporting XSAVE feature 0x04: 'AVX registers'
[    0.000000] x86/fpu: Enabled xstate features 0x7, context size is 832 bytes, using 'standard' format.
[    0.000] x86/fu:Usig lazy F contex sithe.
[   00000] e80:BI-proidd hyical RA m:
[  0.0000] BIOS-e820: [mem 000000000000-000000000fbff] sable
[   0.00000] BI-e20:[mm 0x00000000009fc0-0x00000009ffff] reserved
[   .00000] BOSe80: [me 0000000000f0000-0x000000000ffff] resrvd[   0.0000] BIO-e20[mem0x00000000100000-0x00000ffeffff]usbl
    0.000000] BIOS-e820: [mem 0x000000007fff0000-0x000000007fffffff] ACPI data
[    0.000000] BIOS-e820: [mem 0x00000000fffc0000-0x00000000ffffffff] reserved
[    0.000000] NX (Execute Disable) protection: active
[    0.000000] SMBIOS 2.5 present.
[    0.000000] Hypervisor detected: KVM
[    0.000000] e820: last_pfn = 0x7fff0 max_arch_pfn = 0x400000000
[    0.000000] MTRR: Disabled
[    0.000000] x86/PAT: MTRRs disabled, skipping PAT initialization too.
[   0.0000] CPUTRRs all blank- irtulid ystem
[   0.00000 x86/AT: Configuatio [-7]: WB  WT  UC- UC  WB  WT  UC- UC  
[    0.000000] found SMP MP-table at [mem 0x0009fff00x09ffffmapedat [ffff88000fff0][   0.00000] Scanin1 reas fr low emy corpton
   000000RADIK: [mem 0x3621a000-0x37104fff]
[    0.000000] ACPI: Erltale checksum verificatiodisale
[    0.000] ACPI: RSP 0x00000000E0000 0024v02 BOX  )
[  0.0000] CPI: XSDT 0x00000007F0030 00003C (v01 VBOX  VBXXDT 00000001 ASL 00001)
[   .00000] ACP: AC 0x000007FFF00F0 000F4(v VBO  VBOXACP 0000 ASL  0000001)
[   0.00] ACPI:SD 0000000FF0470 02106(v1 VBOX   VBBIOS0000002 NT 2010028
[   0.00000 API: FACS0x000007FF0200 000040
   0000000]CPI: ACS 0x00000FFF00 0004
   0.00000] CPI:APIC 0000000FFF0400005C (v0VBX  VBOAPC 000001 AL 000061)
[   .00000] ACPI: SSD 000000007FF2A 001CC (01BOX   VBOXPU 00000 ITL2010528)
[   00000] No NUMA onfigraion un
   000000] Fki a nod a [m 0x0000000000000x000007ffefff]
[    .000000] ODDATA(0) locaed [mem 07ffeb000-0x7ffeffff]
[    .0000] km-lok: Using sr4b64d01an 4b56400
[  0.0000] kvm-clok:cp0, mr 7fe3001, primary cpu clok[   000000 km-clck ung she offset of 3445716088cycles
  0.00000]lockouce: kvm-clock: sk: 0xffffffffffff ax_cls: 01c2edffb, max_idle_ns: 881590591483 ns
[    00000] Zoneranges:
[   000000  DMA      [mem x0000000001000-000000000ffffff
  0.00000]  DMA2    [mem 0x0000000001000000-0x000000007ffeff][   0.0000]   Normal  emty
    .000000]   Devie empty
[    00000] Movable zone sarfo eacnoe
[    .000] Ealymemy nodeans
[   0.0000]  nod  : [mem 0x00000000001000x000000009efff]
[    0000000]  noe  0[mem 0x0000001000-x00000007efff]
[   .000000] Intm stup noe  [me 00000000000001000-0x000000007ffeffff]
[    0.000000] ACPI: PM-Timer IO Port: 0x4008[  0.00000] OAIC[0: apc_d  verson17 address 0xfec00000, GSI 0-23
[    0.000000] ACPI: INT_SRC_OVR (bus 0 bus_irq 0 global_irq 2 dfl dfl)
[    0.000000] ACPI: INT_SRC_OVR (bus 0 bus_irq 9 global_irq 9 high level)
[    0.000000] Using ACPI (MADT) for SMP configuration information
[    0.000000] smpboot: Allowing 2 CPUs, 0 hotplug CPUs
[    0.000000] PM: Registered nosave memory: [mem 0x00000000-0x00000fff]
[    0.000000] PM: Registered nosave memory: [mem 0x0009f000-0x0009ffff]
[    0.000000] PM: Registered nosave memory: [m x000a0000x00ffff]    0.000000] P: egstred ose memory: [em 0x000000-0x00ffff][    0000] e80:[mem 0x800000000xfffbffff]avilbl for PC dvices
[  .00000 Booing pravirtualized kern o KVM
[    0.0000] locksoue:refne-jffes: msk 0ffffff mx_ycle: ffffffff, max_ide_s:76455960011568 ns[   0.0000 setu_prcu:NR_CPUS12nr_cpumak_it:52 nr_u_is:2 n_noe_ds:1
[   .000000] PERCU: Embded 34 pages/cp @ffff8007f0000s99544 r8192 d31528 u10485
    0.000000]V qspnlck hshable enris:25 (ord: , 4096 byts)
[   000000] uilt  zonelstin ode ode, mobilty gruping on  tal ages: 515961
[    000000] Poly one: DA32[   0.000] erl command in BOTIMAGE=/boot/vmlinuz-44.0-116-generic oo=UID=2fcb7a177bf-d12-b01b-1f101aa o onole=tycosole=ttS0
[    0.00000] PID hash table entries: 4096 (order: 3, 32768 bytes)
[    .00000Memoy:0244820666K availae 530K kne code 19K rdaa,3992K rodata, 108init, 136Kss, 67248K rervd,0K cmreerved)
[   0.0000] LU: HWalign=64, de=0-, inbjcts=0, PUs=, des=
[   0.00] KernelUsr pag table ilatio: naled
[   000000 Hiearhical CU imleentin.
[    0.000000] uild-tim adjustenof leaffanot t 6.
[   .00000 	CUrestrictngPUs frm NRCPUS512to ncp_ids=2.
[   .0000] RC: djstinggeomery for rc_fanou_lf=4, nr_cpu_is=
   0.00000 N_IRQS:302 nr_irqs:440 16
[    0.000000] Console: colour VGA+ 80x25
[    0.000000] console [tty] nabled
[  0.0000] conol [tyS eabled
[    0.00000] scDetected 2194.918 MHz processor
[   16.347240] Calibrating delay loop (skipped) preset value.. 4389.83 BogoMIPS (lpj=8779672)
[   16.431323] pid_max: default: 32768 minimum: 301
[   16.488685] ACPI: Core revision 20150930
[   16.560214] ACPI: 2 ACPI AML tables successfully acquired and loaded
[   16.595937] Security Framework initialized
[   16.651812] Yama: becoming mindful.
[   16.694931] AppArmor: AppArmor initialized
[   16.754026] Dentry cache hash table entries: 262144 (order: 9, 2097152 bytes)
[   16.796013] Inode-cache hash table entries: 131072 (order: 8, 1048576 bytes)
[   16.901925] Mount-cache hash table entries: 4096 (order: 3, 32768 bytes)
[   16.931456] Mountpoint-cache hash table entries: 4096 (order: 3, 32768 bytes)
[   16.987997] Initializing cgroup subsys io
[   17.023725] Initializing cgroup subsys memory
[   17.086629] Initializing cgroup subsys devices
[   17.150967] Initializing cgroup subsys freezer
[   17.201294] Initializing cgroup subsys net_cls
[   17.255073] Initializing cgroup subsys perf_event
[   17.288025] Initializing cgroup subsys net_prio
[   17.354992] Initializing cgroup subsys hugetlb
[   17.406139] Initializing cgroup subsys pids
[   17.459024] CPU: Physical Processor ID: 0
[   17.468977] CPU: Processor Core ID: 0
[   17.503444] FEATURE SPEC_CTRL Not Present
[   17.552198] mce: CPU supports 0 MCE banks
[   17.619704] Last level iTLB entries: 4KB 1024, 2MB 1024, 4MB 1024
[   17.707388] Last level dTLB entries: 4KB 1024, 2MB 1024, 4MB 1024, 1GB 4
[   17.784954] Spectre V2 mitigation: Mitigation: Full generic retpoline
[   17.847558] Spectre V2 mitigation: Speculation control IBPB not-supported IBRS not-supported
[   17.949672] Freeing SMP alternatives memory: 32K
[   18.000460] ftrace: allocating 32186 entries in 126 pages
[   18.082963] smpboot: APIC(0) Converting physical 0 to logical package 0
[   18.157020] smpboot: Max logical packages: 1
[   18.177275] ..TIMER: vector=0x30 apic1=0 pin1=2 apic2=-1 pin2=-1
[   18.382853] smpboot: CPU0: Intel(R) Core(TM) i7-4770HQ CPU @ 2.20GHz (family: 0x6, model: 0x46, stepping: 0x1)
[   18.551608] Performance Events: unsupported p6 CPU model 70 no PMU driver, software events only.
[   18.651469] KVM setup paravirtual spinlock
[   18.718671] x86: Booting SMP configuration:
[   18.791509] .... node  #0, CPUs:      #1
[   18.832813] kvm-clock: cpu 1, msr 0:7ffe3041, secondary cpu clock
[   18.872224] mce: CPU supports 0 MCE banks
[   18.887712] x86: Booted up 1 node, 2 CPUs
[   18.929350] smpboot: Total of 2 processors activated (8779.67 BogoMIPS)
[   18.976115] devtmpfs: initialized
[   19.004992] evm: security.selinux
[   19.049303] evm: security.SMACK64
[   19.075574] evm: security.SMACK64EXEC
[   19.103678] evm: security.SMACK64TRANSMUTE
[   19.104593] evm: security.SMACK64MMAP
[   19.144028] evm: security.ima
[   19.168796] evm: security.capability
[   19.187880] clocksource: jiffies: mask: 0xffffffff max_cycles: 0xffffffff, max_idle_ns: 7645041785100000 ns
[   19.276183] futex hash table entries: 512 (order: 3, 32768 bytes)
[   19.324801] pinctrl core: initialized pinctrl subsystem
[   19.383757] RTC time: 22:08:16, date: 03/10/18
[   19.416291] NET: Registered protocol family 16
[   19.435726] cpuidle: using governor ladder
[   19.499184] cpuidle: using governor menu
[   19.517307] PCCT header not found.
[   19.521617] ACPI: bus type PCI registered
[   19.522389] acpiphp: ACPI Hot Plug PCI Controller Driver version: 0.5
[   19.523584] PCI: Using configuration type 1 for base access
[   19.592245] ACPI: Added _OSI(Module Device)
[   19.633231] ACPI: Added _OSI(Processor Device)
[   19.679885] ACPI: Added _OSI(3.0 _SCP Extensions)
[   19.727891] ACPI: Added _OSI(Processor Aggregator Device)
[   19.785948] ACPI: Executed 1 blocks of module-level executable AML code
[   19.828092] ACPI: Interpreter enabled
[   19.884017] ACPI: (supports S0 S5)
[   19.929388] ACPI: Using IOAPIC for interrupt routing
[   19.983846] PCI: Using host bridge windows from ACPI; if necessary, use "pci=nocrs" and report a bug
[   20.076467] ACPI: PCI Root Bridge [PCI0] (domain 0000 [bus 00-ff])
[   20.121300] acpi PNP0A03:00: _OSC: OS supports [ASPM ClockPM Segments MSI]
[   20.122443] acpi PNP0A03:00: _OSC failed (AE_NOT_FOUND); disabling ASPM
[   20.123545] acpi PNP0A03:00: fail to add MMCONFIG information, can't access extended PCI configuration space under this bridge.
[   20.197887] PCI host bridge to bus 0000:00
[   20.216290] pci_bus 0000:00: root bus resource [io  0x0000-0x0cf7 window]
[   20.274052] pci_bus 0000:00: root bus resource [io  0x0d00-0xffff window]
[   20.329312] pci_bus 0000:00: root bus resource [mem 0x000a0000-0x000bffff window]
[   20.362000] pci_bus 0000:00: root bus resource [mem 0x80000000-0xffdfffff window]
[   20.440834] pci_bus 0000:00: root bus resource [bus 00-ff]
[   20.475999] pci 0000:00:01.1: legacy IDE quirk: reg 0x10: [io  0x01f0-0x01f7]
[   20.536975] pci 0000:00:01.1: legacy IDE quirk: reg 0x14: [io  0x03f6]
[   20.553583] pci 0000:00:01.1: legacy IDE quirk: reg 0x18: [io  0x0170-0x0177]
[   20.620560] pci 0000:00:01.1: legacy IDE quirk: reg 0x1c: [io  0x0376]
[   20.723020] ACPI: PCI Interrupt Link [LNKA] (IRQs 5 9 10 11) *0, disabled.
[   20.809656] ACPI: PCI Interrupt Link [LNKB] (IRQs 5 9 10 *11)
[   20.849615] ACPI: PCI Interrupt Link [LNKC] (IRQs 5 9 *10 11)
[   20.893696] ACPI: PCI Interrupt Link [LNKD] (IRQs 5 *9 10 11)
[   20.946242] ACPI: Enabled 2 GPEs in block 00 to 07
[   21.012355] vgaarb: setting as boot device: PCI:0000:00:02.0
[   21.064831] vgaarb: device added: PCI:0000:00:02.0,decodes=io+mem,owns=io+mem,locks=none
[   21.153772] vgaarb: loaded
[   21.198581] vgaarb: bridge control possible 0000:00:02.0
[   21.244668] SCSI subsystem initialized
[   21.283609] ACPI: bus type USB registered
[   21.329589] usbcore: registered new interface driver usbfs
[   21.377355] usbcore: registered new interface driver hub
[   21.437950] usbcore: registered new device driver usb
[   21.464976] PCI: Using ACPI for IRQ routing
[   21.488922] NetLabel: Initializing
[   21.529219] NetLabel:  domain hash size = 128
[   21.568618] NetLabel:  protocols = UNLABELED CIPSOv4
[   21.609813] NetLabel:  unlabeled traffic allowed by default
[   21.652769] amd_nb: Cannot enumerate AMD northbridges
[   21.688302] clocksource: Switched to clocksource kvm-clock
[   1.93333]ApArr:Aprm Fleysemnale
[ 224770 p: P ACPI ni
[   2.54670]pn: nP ACPI: ound  dices

[   22.790993] clocksource: acpi_pm: mask: 0xffffff max_cycles: 0xffffff, max_idle_ns: 2085701024 ns
[   22.830738] NET: Registered protocol family 2
[   22.884291] TCP established hash table entries: 16384 (order: 5, 131072 bytes)
[   22.912394] TCP bind hash table entries: 16384 (order: 6, 262144 bytes)
[   22.954019] TCP: Hash tables configured (established 16384 bind 16384)
[   22.997397] UDP hash table entries: 1024 (order: 3, 32768 bytes)
[   23.019093] UDP-Lite hash table entries: 1024 (order: 3, 32768 bytes)
[   23.079777] NET: Registered protocol family 1
[   23.095354] pci 0000:00:00.0: Limiting direct PCI/PCI transfers
[   23.119262] pci 0000:00:01.0: Activating ISA DMA hang workarounds
[   23.134195] Unpacking initramfs...
[   23.393486] Freeing initrd memory: 15276K
[   23.403819] platform rtc_cmos: registered platform RTC device (no PNP device found)
[   23.438794] Scanning for low memory corruption every 60 seconds
[   23.458200] audit: initializing netlink subsys (disabled)
[   23.498995] audit: type=2000 audit(1520719684.528:1): initialized
[   23.531946] Initialise system trusted keyring
[   23.538652] HugeTLB registered 2 MB page size, pre-allocated 0 pages
[   23.552900] zbud: loaded
[   23.561933] VFS: Disk quotas dquot_6.6.0
[   23.572430] VFS: Dquot-cache hash table entries: 512 (order 0, 4096 bytes)
[   23.631771] squashfs: version 4.0 (2009/01/31) Phillip Lougher
[   23.653647] fuse init (API version 7.23)
[   23.659895] Key type big_key registered
[   23.671852] Allocating IMA MOK and blacklist keyrings.
[   23.678205] Key type asymmetric registered
[   23.701668] Asymmetric key parser 'x509' registered
[   23.722002] Block layer SCSI generic (bsg) driver version 0.4 loaded (major 249)
[   23.732655] io scheduler noop registered
[   23.742140] io scheduler deadline registered (default)
[   23.750840] io scheduler cfq registered
[   23.765386] pci_hotplug: PCI Hot Plug PCI Core version: 0.5
[   23.782727] pciehp: PCI Express Hot Plug Controller Driver version: 0.4
[   23.846349] ACPI: AC Adapter [AC] (on-line)
[   23.863442] input: Power Button as /devices/LNXSYSTM:00/LNXPWRBN:00/input/input0
[   23.873154] ACPI: Power Button [PWRF]
[   23.879316] input: Sleep Button as /devices/LNXSYSTM:00/LNXSLPBN:00/input/input1
[   23.919362] ACPI: Sleep Button [SLPF]
[   23.945978] GHES: HEST is not enabled!
[   23.946991] ACPI: Battery Slot [BAT0] (battery present)
[   23.978019] Serial: 8250/16550 driver, 32 ports, IRQ sharing enabled
[   24.064069] 00:02: ttyS0 at I/O 0x3f8 (irq = 4, base_baud = 115200) is a 16550A
[   24.091863] Linux agpgart interface v0.103
[   24.107415] loop: module loaded
[   24.146573] scsi host0: ata_piix
[   24.175171] scsi host1: ata_piix
[   24.183932] ata1: PATA max UDMA/33 cmd 0x1f0 ctl 0x3f6 bmdma 0xd000 irq 14
[   24.200764] ata2: PATA max UDMA/33 cmd 0x170 ctl 0x376 bmdma 0xd008 irq 15
[   24.218262] libphy: Fixed MDIO Bus: probed
[   24.266663] tun: Universal TUN/TAP device driver, 1.6
[   24.288339] tun: (C) 1999-2004 Max Krasnyansky <maxk@qualcomm.com>
[   24.320817] PPP generic driver version 2.4.2
[   24.362650] ehci_hcd: USB 2.0 'Enhanced' Host Controller (EHCI) Driver
[   24.396673] ehci-pci: EHCI PCI platform driver
[   24.404524] tsc: Refined TSC clocksource calibration: 2195.374 MHz
[   24.417802] clocksource: tsc: mask: 0xffffffffffffffff max_cycles: 0x1fa520f1c5b, max_idle_ns: 440795244164 ns
[   24.417872] ehci-platform: EHCI generic platform driver
[   24.417888] ohci_hcd: USB 1.1 'Open' Host Controller (OHCI) Driver
[   24.417898] ohci-pci: OHCI PCI platform driver
[   24.417910] ohci-platform: OHCI generic platform driver
[   24.417918] uhci_hcd: USB Universal Host Controller Interface driver
[   24.417986] i8042: PNP: PS/2 Controller [PNP0303:PS2K,PNP0f03:PS2M] at 0x60,0x64 irq 1,12
[   24.418528] serio: i8042 KBD port at 0x60,0x64 irq 1
[   24.418534] serio: i8042 AUX port at 0x60,0x64 irq 12
[   24.460497] mousedev: PS/2 mouse device common for all mice
[   24.463320] input: AT Translated Set 2 keyboard as /devices/platform/i8042/serio0/input/input2
[   24.463695] rtc_cmos rtc_cmos: rtc core: registered rtc_cmos as rtc0
[   24.463759] rtc_cmos rtc_cmos: alarms up to one day, 114 bytes nvram
[   24.463770] i2c /dev entries driver
[   24.463829] device-mapper: uevent: version 1.0.3
[   24.463888] device-mapper: ioctl: 4.34.0-ioctl (2015-10-28) initialised: dm-devel@redhat.com
[   24.463910] ledtrig-cpu: registered to indicate activity on CPUs
[   24.464260] NET: Registered protocol family 10
[   24.464484] NET: Registered protocol family 17
[   24.464500] Key type dns_resolver registered
[   24.464700] microcode: CPU0 sig=0x40661, pf=0x40, revision=0x0
[   24.475947] microcode: CPU1 sig=0x40661, pf=0x40, revision=0x0
[   24.476012] microcode: Microcode Update Driver: v2.01 <tigran@aivazian.fsnet.co.uk>, Peter Oruba
[   24.476217] registered taskstats version 1
[   24.476231] Loading compiled-in X.509 certificates
[   24.477007] Loaded X.509 cert 'Build time autogenerated kernel key: aa84f01984fbd529c105810b59e379d349698248'
[   24.477033] zswap: loaded using pool lzo/zbud
[   24.479766] Key type trusted registered
[   24.484528] Key type encrypted registered
[   24.484532] AppArmor: AppArmor sha1 policy hashing enabled
[   24.484535] ima: No TPM chip found, activating TPM-bypass!
[   24.484556] evm: HMAC attrs: 0x1
[   24.484823]   Magic number: 10:132:148
[   24.499181] rtc_cmos rtc_cmos: setting system clock to 2018-03-10 22:08:21 UTC (1520719701)
[   24.499293] BIOS EDD facility v0.16 2004-Jun-25, 0 devices found
[   24.499293] EDD information not available.
[   25.237425] Freeing unused kernel memory: 1508K
[   26.072500] Write protecting the kernel read-only data: 14336k
[   26.294637] Freeing unused kernel memory: 1700K
[   26.330505] Freeing unused kernel memory: 104K
Loading, please wait...
[   26.404689] random: systemd-udevd: uninitialized urandom read (16 bytes read, 4 bits of entropy available)
starting version[   26.405150] random: udevadm: uninitialized urandom read (16 bytes read, 4 bits of entropy available)
 229
[   26.405177] random: udevadm: uninitialized urandom read (16 bytes read, 4 bits of entropy available)
[   26.419739] random: udevadm: uninitialized urandom read (16 bytes read, 4 bits of entropy available)
[   26.419800] random: udevadm: uninitialized urandom read (16 bytes read, 4 bits of entropy available)
[   26.420022] random: udevadm: uninitialized urandom read (16 bytes read, 4 bits of entropy available)
[   26.420104] random: udevadm: uninitialized urandom read (16 bytes read, 4 bits of entropy available)
[   26.420208] random: udevadm: uninitialized urandom read (16 bytes read, 4 bits of entropy available)
[   26.420296] random: udevadm: uninitialized urandom read (16 bytes read, 4 bits of entropy available)
[   26.420493] random: udevadm: uninitialized urandom read (16 bytes read, 4 bits of entropy available)
[   27.286647] Fusion MPT base driver 3.04.20
[   27.321341] Copyright (c) 1999-2008 LSI Corporation
[   27.345147] e1000: Intel(R) PRO/1000 Network Driver - version 7.3.21-k8-NAPI
[   27.371323] e1000: Copyright (c) 1999-2006 Intel Corporation.
[   27.405201] Fusion MPT SPI Host driver 3.04.20
[   27.447028] AVX version of gcm_enc/dec engaged.
[   27.455107] AES CTR mode by8 optimization enabled
[   27.601719] input: ImExPS/2 Generic Explorer Mouse as /devices/platform/i8042/serio1/input/input4
[   27.814193] e1000 0000:00:03.0 eth0: (PCI:33MHz:32-bit) 02:c0:e2:3c:71:11
[   27.868625] e1000 0000:00:03.0 eth0: Intel(R) PRO/1000 Network Connection
[   27.901480] mptbase: ioc0: Initiating bringup
[   28.275366] ioc0: LSI53C1030 A0: Capabilities={Initiator}
[   29.301905] scsi host2: ioc0: LSI53C1030 A0, FwRev=00000000h, Ports=1, MaxQ=256, IRQ=20
[   29.827505] scsi 2:0:0:0: Direct-Access     VBOX     HARDDISK         1.0  PQ: 0 ANSI: 5
[   29.893913] scsi target2:0:0: Beginning Domain Validation
[   29.912984] scsi target2:0:0: Domain Validation skipping write tests
[   29.981667] scsi target2:0:0: Ending Domain Validation
[   30.007725] scsi target2:0:0: asynchronous
[   30.020528] scsi 2:0:1:0: Direct-Access     VBOX     HARDDISK         1.0  PQ: 0 ANSI: 5
[   30.036684] scsi target2:0:1: Beginning Domain Validation
[   30.109189] scsi target2:0:1: Domain Validation skipping write tests
[   30.138355] scsi target2:0:1: Ending Domain Validation
[   30.147007] scsi target2:0:1: asynchronous
[   30.161325] sd 2:0:0:0: Attached scsi generic sg0 type 0
[   30.205788] e1000 0000:00:08.0 eth1: (PCI:33MHz:32-bit) 08:00:27:14:5a:e5
[   30.205793] e1000 0000:00:08.0 eth1: Intel(R) PRO/1000 Network Connection
[   30.207476] e1000 0000:00:08.0 enp0s8: renamed from eth1
[   30.249344] sd 2:0:0:0: [sda] 20971520 512-byte logical blocks: (10.7 GB/10.0 GiB)
[   30.397802] sd 2:0:0:0: [sda] Write Protect is off
[   30.398013] sd 2:0:1:0: Attached scsi generic sg1 type 0
[   30.398261] sd 2:0:1:0: [sdb] 20480 512-byte logical blocks: (10.5 MB/10.0 MiB)
[   30.398506] sd 2:0:1:0: [sdb] Write Protect is off
[   30.398698] sd 2:0:1:0: [sdb] Incomplete mode parameter data
[   30.398700] sd 2:0:1:0: [sdb] Assuming drive cache: write through
[   30.401482] sd 2:0:1:0: [sdb] Attached SCSI disk
[   30.476547] floppy0: no floppy controllers found
[   30.476610] work still pending
[   30.542392] e1000 0000:00:03.0 enp0s3: renamed from eth0
[   30.573989] sd 2:0:0:0: [sda] Incomplete mode parameter data
[   30.626807] sd 2:0:0:0: [sda] Assuming drive cache: write through
[   30.652664]  sda: sda1
[   30.660750] sd 2:0:0:0: [sda] Attached SCSI disk
Begin: Loading e[   32.073161] md: linear personality registered for level -1
ssential drivers ... [   32.095538] md: multipath personality registered for level -4
[   32.106737] md: raid0 personality registered for level 0
[   32.118828] md: raid1 personality registered for level 1
[   32.204381] raid6: sse2x1   gen()  8565 MB/s
[   32.276439] raid6: sse2x1   xor()  6252 MB/s
[   32.356397] raid6: sse2x2   gen()  9608 MB/s
[   32.456586] raid6: sse2x2   xor()  7030 MB/s
[   32.580581] raid6: sse2x4   gen() 13241 MB/s
[   32.680508] raid6: sse2x4   xor()  8102 MB/s
[   32.698402] raid6: using algorithm sse2x4 gen() 13241 MB/s
[   32.714829] raid6: .... xor() 8102 MB/s, rmw enabled
[   32.738255] raid6: using ssse3x2 recovery algorithm
[   32.753238] xor: automatically using best checksumming function:
[   32.820356]    avx       : 18939.000 MB/sec
[   32.870483] async_tx: api initialized (async)
[   32.910075] md: raid6 personality registered for level 6
[   32.945005] md: raid5 personality registered for level 5
[   32.961807] md: raid4 personality registered for level 4
[   32.987910] md: raid10 personality registered for level 10
done.
Begin: Running /scripts/init-premount ... done.
Begin: Mounting root file system ... Begin: Run[   33.086828] Btrfs loaded
ning /scripts/local-top ... done.
Begin: Running /scripts/local-premount ... Scanning for Btrfs filesystems
done.
Warning: fsck no[   33.125251] EXT4-fs (sda1): INFO: recovery required on readonly filesystem
t present, so sk[   33.160098] EXT4-fs (sda1): write access will be enabled during recovery
ipping root file system
[   33.354911] EXT4-fs (sda1): orphan cleanup on readonly fs
[   33.382886] EXT4-fs (sda1): 1 orphan inode deleted
[   33.394533] EXT4-fs (sda1): recovery complete
[   33.411500] EXT4-fs (sda1): mounted filesystem with ordered data mode. Opts: (null)
done.
Begin: Running /scripts/local-bottom ... done.
Begin: Running /scripts/init-bottom ... done.
[   33.582199] systemd[1]: systemd 229 running in system mode. (+PAM +AUDIT +SELINUX +IMA +APPARMOR +SMACK +SYSVINIT +UTMP +LIBCRYPTSETUP +GCRYPT +GNUTLS +ACL +XZ -LZ4 +SECCOMP +BLKID +ELFUTILS +KMOD -IDN)
[   33.731342] systemd[1]: Detected virtualization oracle.
[   33.793104] systemd[1]: Detected architecture x86-64.

Welcome to [1mUbuntu 16.04.3 LTS[0m!

[   33.856841] systemd[1]: Set hostname to <ubuntu-xenial>.
[   34.055334] systemd[1]: Listening on Journal Socket.
[[0;32m  OK  [0m] Listening on Journal Socket.
[  34.3685] syted[]:eahe tget Swap.

[[0;32m  OK  [0m] Reached target Swap.
[   3447069] ysem1] Lstni o uevContrl ocet
[[0;32m  OK  [0m] Listening on udev Control Socket.
[  34.95892 stemd[1] Sard Fowardasword Reqess  Wal retoy atch.
[[0;32m  OK  [0m] Started Forward Password Requests to Wall Directory Watch.
[  359674]syte[1]: Listening n Deice-ppr event daemon FIFOs.

[[0;32m  OK  [0m] Listening on Device-mapper event daemon FIFOs.
[   35.916438] systemd[1]: Listening on Journal Audit Socket.
[[0;32m  OK  [0m] Listening on Journal Audit Socket.
[ 36.02045] ysem1]: Reache tgeEnryedolme.
[[0;32m  OK  [0m] Reached target Encrypted Volumes.
[  3.560] ysmd1]: Cead lie Useran SessonSle.

[[0;32m  OK  [0m] Created slice User and Session Slice.
[ 37.164903] systemd[1]: Lisenngon uevereloct.
[[0;32m  OK  [0m] Listening on udev Kernel Socket.
[ 3757760] systemd[1]: Reachd aretser and Group Nam Loks.

[[0;32m  OK  [0m] Reached target User and Group Name Lookups.
[   3.005204] systemd[1]: etuputomount rbray ExectaleFile FrmtsFie stm utomout oit.

[[0;32m  OK  [0m] Set up automount Arbitrary Executab...ats File System Automount Point.
[  3816655] sstmd[1]:Lienngn de/iittlomatiltyNad ip.
[[0;32m  OK  [0m] Listening on /dev/initctl Compatibility Named Pipe.
[   39.358016] systemd[1]: Started Trigger resolvconf update for networkd DNS.
[[0;32m  OK  [0m] Started Trigger resolvconf update for networkd DNS.
[  39.497000] ysem1]:Crat sic Stem Slce
[[0;32m  OK  [0m] Created slice System Slice.
[   39.968501] systemd[1]: Mounting Debug File System...
[   40.030278] random: nonblocking pool is initialized
         Mounting Debug File System...
[   40.057547] systemd[1]: Starting Uncomplicated firewall...
         Starting Uncomplicated firewall...
[   40.180548] systemd[1]: Mounting Huge Pages File System...
         Mounting Huge Pages File System...
[   40.285159] systemd[1]: Starting Nameserver information manager...
         Starting Nameserver information manager...
[ 403869] ystemd[1]: Reaedtage Sices.

[[0;32m  OK  [0m] Reached target Slices.
[   40.717010] systemd[1]: Mounting POSIX Message Queue File System...
         Mounting POSIX Message Queue File System...
[  40.8020] ysmd1] Ltein o Slog Socke.
[[0;32m  OK  [0m] Listening on Syslog Socket.
[  4.255715] systemd[1: ListeningonLVM madatadamon ckt.
[[0;32m  OK  [0m] Listening on LVM2 metadata daemon socket.
[   41.724640] systemd[1]: Starting Monitoring of LVM2 mirrors, snapshots etc. using dmeventd or progress polling...
         Starting Monitoring of LVM2 mirrors... dmeventd or progress polling...
[  4.871] ysmd1] Ceaedslice sysem-seria\xdgetty.sic.
[[0;32m  OK  [0m] Created slice system-serial\x2dgetty.slice.
[   42.392637] sstd[: istening n LV2 ol daemon sckt.

[[0;32m  OK  [0m] Listening on LVM2 poll daemon socket.
[  42.76326] system1]: istenngn JoualSockt (/evlo).
[[0;32m  OK  [0m] Listening on Journal Socket (/dev/log).
[   43.245247] systemd[1]: Starting Set console keymap...
         Starting Set console keymap...
[   43.325451] systemd[1]: Starting Journal Service...
         Starting Journal Service...
[   43.416675] systemd[1]: Starting Remount Root and Kernel File Systems...
         [   43.498125] EXT4-fs (sda1): re-mounted. Opts: (null)
Starting Remount Root and Kernel File Systems...
[   43.523761] systemd[1]: Starting Load Kernel Modules...
         Starting Load Kernel Modules...[   43.585101] Loading iSCSI transport class v2.0-870.

[   43.601160] iscsi: registered transport (tcp)
[   43.608576] systemd[1]: Starting Create list of required static device nodes for the current kernel...
         Starting Create list of required st... nodes for the current kernel...
[   43.627385] systemd[1]: Mounted POSIX Message Queue File System.
[[0;32m  OK  [0m] Mounted POSIX[   43.648564] iscsi: registered transport (iser)
 Message Queue File System.
[   43.696717] systemd[1]: Mounted Huge Pages File System.
[[0;32m  OK  [0m] Mounted Huge Pages File System.
[   43.740974] systemd[1]: Mounted Debug File System.
[[0;32m  OK  [0m] Mounted Debug File System.
[   43.804671] systemd[1]: Started Journal Service.
[[0;32m  OK  [0m] Started Journal Service.
[[0;32m  OK  [0m] Started Uncomplicated firewall.
[[0;32m  OK  [0m] Started Set console keymap.
[[0;32m  OK  [0m] Started Remount Root and Kernel File Systems.
[[0;32m  OK  [0m] Started Load Kernel Modules.
[[0;32m  OK  [0m] Started Create list of required sta...ce nodes for the current kernel.
[[0;32m  OK  [0m] Started Nameserver information manager.
[[0;32m  OK  [0m] Started LVM2 metadata daemon.
         Starting Create Static Device Nodes in /dev...
         Starting Apply Kernel Variables...
         Mounting FUSE Control File System...
         Starting Initial cloud-init job (pre-networking)...
         Starting Load/Save Random Seed...
         Starting udev Coldplug all Devices...
         Starting Flush Journal to Persistent Storage...
[[0;32m  OK  [0m] Mounted FUSE Control File System.
[[0;32m  OK  [0m] Started Create Static Device Nodes in /dev.
[[0;32m  OK  [0m] Started Apply Kernel Variables.
[[0;32m  OK  [0m] Started Monitoring of LVM2 mirrors,...ng dmeventd or progress polling.
[[0;32m  OK  [0m] Started Load/Save Random Seed.
[[0;32m  OK  [0m] Started Flush Journal to Persistent Storage.
[[0;32m  OK  [0m] Started udev Coldplug all Devices.
         Starting udev Kernel Device Manager...
[[0;32m  OK  [0m] Started udev Kernel Device Manager.
[[0;32m  OK  [0m] Started Dispatch Password Requests to Console Directory Watch.
[[0;32m  OK  [0m] Reached target Local File Systems (Pre).
[[0;32m  OK  [0m] Reached target Local File Systems.
         Starting Tell Plymouth To Write Out Runtime Data...
         Starting Create Volatile Files and Directories...
         Starting Set console font and keymap...
         Starting LSB: AppArmor initialization...
[[0;32m  OK  [0m] Started Tell Plymouth To Write Out Runtime Data.
[[0;32m  OK  [0m] Started Create Volatile Files and Directories.
[[0;32m  OK  [0m] Found device /dev/ttyS0.
         Starting Update UTMP about System Boot/Shutdown...
[[0;32m  OK  [0m] Reached target System Time Synchronized.
[   24.627143] cloud-init[454]: Cloud-init v. 0.7.9 running 'init-local' at Sat, 10 Mar 2018 22:08:42 +0000. Up 24.01 seconds.
[[0;32m  OK  [0m] Started LSB: AppArmor initialization.
[[0;32m  OK  [0m] Started Set console font and keymap.
[[0;32m  OK  [0m] Started Initial cloud-init job (pre-networking).
[[0;32m  OK  [0m] Started Update UTMP about System Boot/Shutdown.
[[0;32m  OK  [0m] Listening on Load/Save RF Kill Switch Status /dev/rfkill Watch.
[[0;32m  OK  [0m] Reached target Network (Pre).
[[0;32m  OK  [0m] Started ifup for enp0s3.
[[0;32m  OK  [0m] Started ifup for enp0s8.
[[0;32m  OK  [0m] Created slice system-getty.slice.
         Starting Raise network interfaces...
[[0;32m  OK  [0m] Found device 82540EM Gigabit Ethern...r (PRO/1000 MT Desktop Adapter).
[[0;32m  OK  [0m] Started Raise network interfaces.
         Starting Initial cloud-init job (metadata service crawler)...
[[0;32m  OK  [0m] Reached target Network.
[   27.957708] cloud-init[1045]: Cloud-init v. 0.7.9 running 'init' at Sat, 10 Mar 2018 22:08:45 +0000. Up 27.68 seconds.
[   28.024464] cloud-init[1045]: ci-info: ++++++++++++++++++++++++++++++++++++++Net device info++++++++++++++++++++++++++++++++++++++
[[0;32m  OK  [0m] Started Initial cloud-init job (metadata service crawler).
[   28.024795] cloud-init[1045]: ci-info: +--------+------+-----------------------------+---------------+-------+-------------------+
[   28.244340] cloud-init[1045]: ci-info: | Device |  Up  |           Address           |      Mask     | Scope |     Hw-Address    |
[   28.244671] cloud-init[1045]: ci-info: +--------+------+-----------------------------+---------------+-------+-------------------+
[[0;32m  OK  [0m] Reached target System Initialization.
[   28.244838] cloud-init[1045]: ci-info: | enp0s3 | True |          10.0.2.15          | 255.255.255.0 |   .   | 02:c0:e2:3c:71:11 |
[   28.420392] cloud-init[1045]: ci-info: | enp0s3 | True |  fe80::c0:e2ff:fe3c:7111/64 |       .       |  link | 02:c0:e2:3c:71:11 |
[   28.420690] cloud-init[1045]: ci-info: |   lo   | True |          127.0.0.1          |   255.0.0.0   |   .   |         .         |
         Starting LXD - unix socket.
[   28.420897] cloud-init[1045]: ci-info: |   lo   | True |           ::1/128           |       .       |  host |         .         |
[   28.681114] cloud-init[1045]: ci-info: | enp0s8 | True |        172.16.255.20        | 255.255.255.0 |   .   | 08:00:27:14:5a:e5 |
[   28.681741] cloud-init[1045]: ci-info: | enp0s8 | True | fe80::a00:27ff:fe14:5ae5/64 |       .       |  link | 08:00:27:14:5a:e5 |
[[0;32m  OK  [0m] Started Timer to automatically refresh installed snaps.
[   28.681935] cloud-init[1045]: ci-info: +--------+------+-----------------------------+---------------+-------+-------------------+
[   28.944861] cloud-init[1045]: ci-info: ++++++++++++++++++++++++++++Route IPv4 info++++++++++++++++++++++++++++
[[0;32m  OK  [0m] Listening on ACPID Listen Socket.
[   28.944983] cloud-init[1045]: ci-info: +-------+--------------+----------+---------------+-----------+-------+
[   29.333466] cloud-init[1045]: ci-info: | Route | Destination  | Gateway  |    Genmask    | Interface | Flags |
[   29.333796] cloud-init[1045]: ci-info: +-------+--------------+----------+---------------+-----------+-------+
[[0;32m  OK  [0m] Started ACPI Events Check.
[   29.333979] cloud-init[1045]: ci-info: |   0   |   0.0.0.0    | 10.0.2.2 |    0.0.0.0    |   enp0s3  |   UG  |
[   29.536576] cloud-init[1045]: ci-info: |   1   |   10.0.2.0   | 0.0.0.0  | 255.255.255.0 |   enp0s3  |   U   |
[[0;32m  OK  [0m] Reached target Paths.
[[   29.536763] cloud-init[1045]: ci-info: |   2   | 172.16.255.0 | 0.0.0.0  | 255.255.255.0 |   enp0s8  |   U   |
[   29.687530] cloud-init[1045]: ci-info: +-------+--------------+----------+---------------+-----------+-------+
[0;32m  OK  [0m] Started Daily Cleanup of Temporary Directories.
[[0;32m  OK  [0m] Listening on UUID daemon activation socket.
[[0;32m  OK  [0m] Listening on D-Bus System Message Bus Socket.
         Starting Socket activation for snappy daemon.
[[0;32m  OK  [0m] Reached target Cloud-config availability.
[[0;32m  OK  [0m] Reached target Network is Online.
[[0;32m  OK  [0m] Started Daily apt download activities.
[[0;32m  OK  [0m] Started Daily apt upgrade and clean activities.
[[0;32m  OK  [0m] Reached target Timers.
         Starting iSCSI initiator daemon (iscsid)...
[[0;32m  OK  [0m] Listening on LXD - unix socket.
[[0;32m  OK  [0m] Listening on Socket activation for snappy daemon.
[[0;32m  OK  [0m] Started iSCSI initiator daemon (iscsid).
         Starting Login to default iSCSI targets...
[[0;32m  OK  [0m] Reached target Sockets.
[[0;32m  OK  [0m] Reached target Basic System.
[[0;32m  OK  [0m] Started Snappy daemon.
         Starting LSB: MD monitoring daemon...
         Starting System Logging Service...
[[0;32m  OK  [0m] Started Deferred execution scheduler.
         Starting Accounts Service...
         Starting LSB: Record successful boot for GRUB...
         Starting Auto import assertions from block devices...
         Starting Apply the settings specified in cloud-config...
[[0;32m  OK  [0m] Started ACPI event daemon.
         Starting LXD - container startup/shutdown...
         Starting OpenBSD Secure Shell server...
[[0;32m  OK  [0m] Started Regular background program processing daemon.
         Starting Login Service...
         Starting /etc/rc.local Compatibility...
[[0;32m  OK  [0m] Started FUSE filesystem for LXC.
[[0;32m  OK  [0m] Started Unattended Upgrades Shutdown.
[[0;32m  OK  [0m] Started D-Bus System Message Bus.
[[0;32m  OK  [0m] Started System Logging Service.
[[0;32m  OK  [0m] Started OpenBSD Secure Shell server.
[[0;32m  OK  [0m] Started Auto import assertions from block devices.
[[0;32m  OK  [0m] Started LXD - container startup/shutdown.
[[0;32m  OK  [0m] Started /etc/rc.local Compatibility.
[   31.649369] cloud-init[1141]: Cloud-init v. 0.7.9 running 'modules:config' at Sat, 10 Mar 2018 22:08:49 +0000. Up 31.55 seconds.
[[0;32m  OK  [0m] Started Login to default iSCSI targets.
[[0;32m  OK  [0m] Started LSB: MD monitoring daemon.
[[0;32m  OK  [0m] Started Apply the settings specified in cloud-config.
[[0;32m  OK  [0m] Started LSB: Record successful boot for GRUB.
[[0;32m  OK  [0m] Started Login Service.
         Starting Authenticate and Authorize Users to Run Privileged Tasks...
[[0;32m  OK  [0m] Reached target Remote File Systems (Pre).
[[0;32m  OK  [0m] Reached target Remote File Systems.
         Starting LSB: VirtualBox Linux Additions...
         Starting LSB: automatic crash report generation...
         Starting LSB: Set the CPU Frequency Scaling governor to "ondemand"...
         Starting Permit User Sessions...
         Starting LSB: daemon to balance interrupts for SMP systems...
[[0;32m  OK  [0m] Started Permit User Sessions.
[[0;32m  OK  [0m] Started Authenticate and Authorize Users to Run Privileged Tasks.
[[0;32m  OK  [0m] Started Accounts Service.
[[0;32m  OK  [0m] Started LSB: Set the CPU Frequency Scaling governor to "ondemand".
[[0;32m  OK  [0m] Started LSB: VirtualBox Linux Additions.
[[0;32m  OK  [0m] Started LSB: automatic crash report generation.
[[0;32m  OK  [0m] Created slice User Slice of ubuntu.
[[0;32m  OK  [0m] Started Session 1 of user ubuntu.
         Starting User Manager for UID 1000...
         Starting Hold until boot process finishes up...
         Starting Terminate Plymouth Boot Screen...
[[0;32m  OK  [0m] Started User Manager for UID 1000.
[[0;32m  OK  [0m] Started LSB: daemon to balance interrupts for SMP systems.
[[0;32m  OK  [0m] Started Hold until boot process finishes up.
[[0;32m  OK  [0m] Started Terminate Plymouth Boot Screen.
[[0;32m  OK  [0m] Started Getty on tty1.
[[0;32m  OK  [0m] Started Serial Getty on ttyS0.
[[0;32m  OK  [0m] Reached target Login Prompts.
         Starting Set console scheme...
[[0;32m  OK  [0m] Reached target Multi-User System.
         Starting Execute cloud user/final scripts...
[[0;32m  OK  [0m] Reached target Graphical Interface.
         Starting Update UTMP about System Runlevel Changes...
[[0;32m  OK  [0m] Started Set console scheme.
[[0;32m  OK  [0m] Started Update UTMP about System Runlevel Changes.
[   33.694221] cloud-init[1295]: Cloud-init v. 0.7.9 running 'modules:final' at Sat, 10 Mar 2018 22:08:51 +0000. Up 33.58 seconds.
[   33.788776] cloud-init[1295]: Cloud-init v. 0.7.9 finished at Sat, 10 Mar 2018 22:08:51 +0000. Datasource DataSourceNoCloud [seed=/dev/sdb][dsmode=net].  Up 33.68 seconds
[[0;32m  OK  [0m] Started Execute cloud user/final scripts.
         Starting Daily apt download activities...
[[0;32m  OK  [0m] Reached target Cloud-init target.
         Stopping User Manager for UID 1000...
[[0;32m  OK  [0m] Stopped User Manager for UID 1000.
[[0;32m  OK  [0m] Removed slice User Slice of ubuntu.

Ubuntu 16.04.3 LTS ubuntu-xenial ttyS0

ubuntu-xenial login: [[0;32m  OK            Stopping Getty on tty1...
         Stopping OpenBSD Secure Shell server...
         Stopping D-Bus System Message Bus...
         Stopping Unattended Upgrades Shutdown...
         Stopping FUSE filesystem for LXC...
         Stopping Deferred execution scheduler...
         Stopping System Logging Service...
         Stopping LSB: Set the CPU Frequency Scaling governor to "ondemand"...
         Stopping Snappy daemon...
         Stopping LSB: VirtualBox Linux Additions...
         Stopping LSB: daemon to balance interrupts for SMP systems...
         Stopping Regular background program processing daemon...
         Stopping LSB: Record successful boot for GRUB...
         Stopping LSB: automatic crash report generation...
         Stopping LSB: MD monitoring daemon...
         Stopping LXD - container startup/shutdown...
[[0;32m  OK  [0m] Stopped Apply the settings specified in cloud-config.
[[0;32m  OK  [0m] Stopped target Cloud-config availability.
[[0;32m  OK  [0m] Unmounted /var/lib/lxcfs.
[[0;32m  OK  [0m] Stopped Snappy daemon.
[[0;32m  OK  [0m] Stopped System Logging Service.
[[0;32m  OK  [0m] Stopped Deferred execution scheduler.
[[0;32m  OK  [0m] Stopped Accounts Service.
[[0;32m  OK  [0m] Stopped ACPI event daemon.
[[0;32m  OK  [0m] Stopped OpenBSD Secure Shell server.
[[0;32m  OK  [0m] Stopped Regular background program processing daemon.
[[0;32m  OK  [0m] Stopped Authenticate and Authorize Users to Run Privileged Tasks.
[[0;32m  OK  [0m] Stopped Getty on tty1.
[[0;32m  OK  [0m] Stopped Serial Getty on ttyS0.
[[0;32m  OK  [0m] Stopped User Manager for UID 1000.
[[0;32m  OK  [0m] Stopped Session 2 of user ubuntu.
[[0;32m  OK  [0m] Stopped D-Bus System Message Bus.
[[0;32m  OK  [0m] Stopped Unattended Upgrades Shutdown.
[[0;32m  OK  [0m] Stopped FUSE filesystem for LXC.
[[0;32m  OK  [0m] Stopped LSB: Set the CPU Frequency Scaling governor to "ondemand".
[[0;32m  OK  [0m] Stopped LSB: daemon to balance interrupts for SMP systems.
[[0;32m  OK  [0m] Stopped LSB: VirtualBox Linux Additions.
[[0;32m  OK  [0m] Stopped LSB: Record successful boot for GRUB.
[[0;32m  OK  [0m] Stopped LSB: MD monitoring daemon.
[[0;32m  OK  [0m] Stopped LSB: automatic crash report generation.
[[0;32m  OK  [0m] Stopped LXD - container startup/shutdown.
[[0;32m  OK  [0m] Removed slice User Slice of ubuntu.
         Stopping Login Service...
[[0;32m  OK  [0m] Removed slice system-serial\x2dgetty.slice.
         Stopping Permit User Sessions...
[[0;32m  OK  [0m] Removed slice system-getty.slice.
[[0;32m  OK  [0m] Stopped /etc/rc.local Compatibility.
[[0;32m  OK  [0m] Stopped Login Service.
[[0;32m  OK  [0m] Stopped Permit User Sessions.
[[0;32m  OK  [0m] Stopped target Remote File Systems.
[[0;32m  OK  [0m] Stopped target Remote File Systems (Pre).
         Stopping Login to default iSCSI targets...
[[0;32m  OK  [0m] Stopped target Basic System.
[[0;32m  OK  [0m] Stopped target Paths.
[[0;32m  OK  [0m] Stopped Forward Password Requests to Wall Directory Watch.
[[0;32m  OK  [0m] Stopped ACPI Events Check.
[[0;32m  OK  [0m] Stopped Dispatch Password Requests to Console Directory Watch.
[[0;32m  OK  [0m] Stopped target Sockets.
[[0;32m  OK  [0m] Closed LXD - unix socket.
[[0;32m  OK  [0m] Closed Syslog Socket.
[[0;32m  OK  [0m] Closed ACPID Listen Socket.
[[0;32m  OK  [0m] Closed UUID daemon activation socket.
[[0;32m  OK  [0m] Closed Socket activation for snappy daemon.
[[0;32m  OK  [0m] Stopped target Slices.
[[0;32m  OK  [0m] Removed slice User and Session Slice.
[[0;32m  OK  [0m] Closed D-Bus System Message Bus Socket.
[[0;32m  OK  [0m] Stopped target System Initialization.
[[0;32m  OK  [0m] Stopped target Encrypted Volumes.
[[0;32m  OK  [0m] Stopped Create Volatile Files and Directories.
         Stopping Load/Save Random Seed...
[[0;32m  OK  [0m] Stopped target Swap.
[[0;32m  OK  [0m] Stopped target User and Group Name Lookups.
[[0;32m  OK  [0m] Stopped Load/Save Random Seed.
[[0;32m  OK  [0m] Stopped Login to default iSCSI targets.
         Stopping iSCSI initiator daemon (iscsid)...
[[0;32m  OK  [0m] Stopped iSCSI initiator daemon (iscsid).
[[0;32m  OK  [0m] Stopped target Network is Online.
[[0;32m  OK  [0m] Stopped Initial cloud-init job (metadata service crawler).
[[0;32m  OK  [0m] Stopped target Network.
         Stopping Raise network interfaces...
[[0;32m  OK  [0m] Stopped Raise network interfaces.
[[0;32m  OK  [0m] Stopped target Network (Pre).
[[0;32m  OK  [0m] Stopped Initial cloud-init job (pre-networking).
[[0;32m  OK  [0m] Stopped Apply Kernel Variables.
[[0;32m  OK  [0m] Stopped Load Kernel Modules.
[[0;32m  OK  [0m] Stopped target Local File Systems.
         Unmounting /vagrant...
         Unmounting /run/user/1000...
[[0;32m  OK  [0m] Unmounted /vagrant.
[[0;32m  OK  [0m] Unmounted /run/user/1000.
[[0;32m  OK  [0m] Reached target Unmount All Filesystems.
[[0;32m  OK  [0m] Stopped target Local File Systems (Pre).
[[0;32m  OK  [0m] Stopped Remount Root and Kernel File Systems.
         Stopping Monitoring of LVM2 mirrors... dmeventd or progress polling...
[[0;32m  OK  [0m] Stopped Create Static Device Nodes in /dev.
[[0;32m  OK  [0m] Reached target Shutdown.
[25325.821] bo: we down
