[   0.00000]Initialzin croup sbsys cpuset
[   .000000] Initialzig cgroup subsys cpu
[    0.0000]Initiaizng crop susy cuacct[   0.000] Luxversion .4-116-genic (uilddgw1-am6402) (gcc vesin .40 016069 (Ubunu 5..0-ubuntu1~16.049) )#140-Ubuntu SMPMon Fe 1 2:23:04 UC 18(Ubuntu 4.4.016140-geneic4.98)
[    0.0000 Command li: BOO_IMAGE=/bt/vmliuz-4.4.0-11-gneicooUUID=2cb7a-77bf4d12-b01b-dff0d1a0a o cosole=tt1 cosole=ty0
[    .00000 KERNELsuored cpus:
[    .0000]   Intel GenuineIntel
[    0.0000   AMD AthetiAMD
[    0.0000]  Centar CnturHauls
[    .000] x86/u:xstate_offet[]: 56,stte_sizs[]: 26[   .000000] x86/pu Supoting XSA fature 0x01: x8flatinpont regters'
    .000] x86/fpu: SupprtingXSVE fature 0x02 'SE rgites'
[  000000]x86/fpu: SupotingXSE eatue 004 'AV reisers'
[    0.000000] 86/pu: Enlexstae eaures 0x7,coex siz i 82 bytes usin 'tanar format
   0.000] 86/fpu: si 'lay' FU ontext switches.
[    0.000000] e820: BIO-povded physical RAMma:
[    0.000000] BIOS-e820: [mem 0x0000000000000000-0x000000009fbf]usble[  0.00000]BIOSe8: me 0x00000000009f00-0x000000000009ff] rserve
[   .00000] IO-e820: [m 00000000000f000-0x000000000ffff] esered
[    0.000] BIOS-e82: me 0x00000001000-0x00000007ffeffff uable
[    0.00000 BOSe80: [em 0x000000fff00000x0000007ffffff] ACPI data
[    000000] IOe820: [em 0000000ff000-0x0000000ffffff rseved
[  0.00000]NX (ExecuteDisable)precti: ctive
[   000000]SMIO 2.5 pesent.
[   0.000000 Hypervisr eteted: KVM
[    0.0000 e820:lat_fn = 0x7fff0 max_arch_pf =0x0000000
    000000]MT: isabed
[   000000] x/P: MTRRs diabled skppng PAT initialization too.
[    0.000000] CPU MTRRs all blank - virtualized system.
[    0.000] x8/PA: Cofiuratio [7]: WB W  UC- U  WB  WT  UC- UC [   .00000] found MP M-tbl at [mem 0x0009fff0-0x0009ffff] mapped at [ffff88000009fff0]
[   000000] Scannng1 eas f low memoy corrpton
[    00000] RAMDSK: [em0x3621a0-3710fff
    0.00000 API Early table checksum verfiatin disabled[  0.00000 API: SD0x0000000000E00 00004 (v02 VOX  )[   .00000]ACPI: XSDT 0000007FFFF030 000C (v0 VOX  VBOXXST 000001 AS  000061
    .00000 ACP FACP 0x00007FFF00 000F4(v4 BO   VBOXFP 000001 AS  0000006
    0.000000] ACI:SD 0x0000000FF0470 0216 v01VBX  VBOXBIO 000002 TL2000528)
[   .000] AC: ACS 0x000007FFF00000000
[    0000000 API: FCSx00000007FF00000004
[   000000]ACPI: APIC 0x00000007FFF0240 0005C (02VBOX  VBAPC 000001ASL  000001)
[   000000] ACPISSDT 00000000FF2A0 0001CC (01BOX   VBOXUT 00000 INTL 2010028
[    00000] No NUMA configurationfound
[   .000000]Faking anode t [em 0x0000000000000x000000007ffeffff][    0.000000] ODE_DATA(0allocatd mem x7fb000-0x7ffeffff][    .0000] kv-clck: Using msrs 4b5601and 4b564d0
   000000] kvm-clck:cpu 0 msr :7fe3001, priary pu clock
    000000] kvm-clock: using sched offset of 3642692429 cycles
[    0.000000] clocksource: kvm-clock: mask: 0xffffffffffffffff max_cycles: 0x1cd42e4dffb, max_idle_ns: 881590591483 ns
[    0.000000] Zone ranges:
[    0.000000]   DMA      [mem 0x0000000000001000-0x0000000000ffffff]
[    0.000000]   DMA32   mem 0x000000000000000x000000007ffeffff]

[   .000000]   Nomal  empty
[    0.000000]   evce   empty
[   0.00000]Moable zonestar for echnode
   0000000] ary emry nderanges
[   .0000]  node   0: [mem x00000000010-0x000000009efff]
[    0.0000]  node  0: [mem 0x0000000000100000-0x000000007ffeffff]
[    0.000000] Initmem setup node 0 [mem 0x0000000000001000-0x000000007ffeffff]
[    .00000] CPI:PM-Tmer O Pot:x4008
[    .0000] IOIC]: apic_id 2, vrson17, ddress 0xfec0000 GSI 023
[   0.000000 ACI:INT_SRC_OV (us0 bus_rq0 obal_irq 2 fl df)
[   0.000000] ACPI: IT_RCOV (bus 0 bus_q 9 global_irq 9 high level)
[   0.000] Usin API (MDT) fo SMP cnfurati inforation
[    .000] spbt: Allowing  Cs, 0 hotplu CPs
[    0.00000] PM: egteed nosave moy: [mm 0x00000-000000fff]
[   0.00000] PM: Registered nosave memory: [m x000900-0x009fff]
[    00000] PM: Rgisteednosavemery [mem 0x00a0000x000effff]
   000000] M:Reistered nosave memory: em0x00000-0x000fff
[    0.000000] e820: [mem 0x80000000-0xffbfff availabe orPCdeices
[    .0000] Bootinparavirualid rnel on KVM
[   00000]clksour: efined-jiffies: mas: xffffff m_ccle: xfffff,max_idl_n: 645196002156ns
[    0.00000 stu_percp: _CPUS:12nrcpumskbi:512 n_cu_ids2 nr_nod_i:1
[  0.0000]PECPU: Embedd 3 pags/puffff880700000 99448192d352 u104876
[    0.00000]PV qinock hash tble ntie: 25 (der:0, 409 btes)
[  000000]Bult1 onistsn ode de mobli groupin on. Tol age: 5961
[    0000000] Polic zne DMA2[   0.0000 Krn command line: OO_IAG=/oovmlnuz-4.4.0-16-gneicrootUU=2fcbaa177f-d1b0b-d1ff4101aa o cosoe=y1 cosole=tyS
[    000000 PD hah abe entrie: 96 (ode 3, 3268yts)
[   .0000]emory: 2029448K/20969 avaiabe 8530K kernel code, 1309K rwdta3992K rdata, 150K init 116 bss678K rsered 0K maesrved
    .00000] SLUB: HWalign=64, Order=0-3, MinObjects=0, CPUs=2, Nodes=1
[    0.000000] Kernel/User page tabblessoatin: enale
    0.00000]iearchcaRCU implementaio.
[   000000] 	Bil-tmeadjustment of lf anut to 4.
[   .00000] CUestrictg PUs frm R_PU=512o r_cp_i=2
  0.00000] RCU: Adjusting geometry fo rc_fnout_ea64 nr_cu_s=
[   00000 N_IQS:330 nirqs:44 1
   0.000000] Console: colour VG 8x25
[   .000000 cnsole [tty1] enbled
   0.00000] onle [ttS0 enabed
  0.00000] tsc: Detected 2194.918 MHz processor
[   19.573420] Calibrating delay loop (skipped) preset value.. 4389.83 BogoMIPS (lpj=8779672)
[   19.642248] pid_max: default: 32768 minimum: 301
[   19.715325] ACPI: Core revision 20150930
[   19.717305] ACPI: 2 ACPI AML tables successfully acquired and loaded
[   19.761856] Security Framework initialized
[   19.797864] Yama: becoming mindful.
[   19.851799] AppArmor: AppArmor initialized
[   19.904232] Dentry cache hash table entries: 262144 (order: 9, 2097152 bytes)
[   19.974442] Inode-cache hash table entries: 131072 (order: 8, 1048576 bytes)
[   20.045318] Mount-cache hash table entries: 4096 (order: 3, 32768 bytes)
[   20.139436] Mountpoint-cache hash table entries: 4096 (order: 3, 32768 bytes)
[   20.214092] Initializing cgroup subsys io
[   20.249869] Initializing cgroup subsys memory
[   20.250688] Initializing cgroup subsys devices
[   20.251590] Initializing cgroup subsys freezer
[   20.314374] Initializing cgroup subsys net_cls
[   20.350429] Initializing cgroup subsys perf_event
[   20.354825] Initializing cgroup subsys net_prio
[   20.386383] Initializing cgroup subsys hugetlb
[   20.410043] Initializing cgroup subsys pids
[   20.446091] CPU: Physical Processor ID: 0
[   20.504493] CPU: Processor Core ID: 0
[   20.542319] FEATURE SPEC_CTRL Not Present
[   20.604503] mce: CPU supports 0 MCE banks
[   20.662328] Last level iTLB entries: 4KB 1024, 2MB 1024, 4MB 1024
[   20.694191] Last level dTLB entries: 4KB 1024, 2MB 1024, 4MB 1024, 1GB 4
[   20.770548] Spectre V2 mitigation: Mitigation: Full generic retpoline
[   20.839686] Spectre V2 mitigation: Speculation control IBPB not-supported IBRS not-supported
[   20.918085] Freeing SMP alternatives memory: 32K
[   20.969719] ftrace: allocating 32186 entries in 126 pages
[   21.027016] smpboot: APIC(0) Converting physical 0 to logical package 0
[   21.102125] smpboot: Max logical packages: 1
[   21.150116] ..TIMER: vector=0x30 apic1=0 pin1=2 apic2=-1 pin2=-1
[   21.358035] smpboot: CPU0: Intel(R) Core(TM) i7-4770HQ CPU @ 2.20GHz (family: 0x6, model: 0x46, stepping: 0x1)
[   21.438255] Performance Events: unsupported p6 CPU model 70 no PMU driver, software events only.
[   21.548321] KVM setup paravirtual spinlock
[   21.599220] x86: Booting SMP configuration:
[   21.646562] .... node  #0, CPUs:      #1
[   21.694267] kvm-clock: cpu 1, msr 0:7ffe3041, secondary cpu clock
[   21.718757] mce: CPU supports 0 MCE banks
[   21.730572] x86: Booted up 1 node, 2 CPUs
[   21.755238] smpboot: Total of 2 processors activated (8779.67 BogoMIPS)
[   21.759699] devtmpfs: initialized
[   21.792082] evm: security.selinux
[   21.818316] evm: security.SMACK64
[   21.845747] evm: security.SMACK64EXEC
[   21.871986] evm: security.SMACK64TRANSMUTE
[   21.892087] evm: security.SMACK64MMAP
[   21.922945] evm: security.ima
[   21.935613] evm: security.capability
[   21.974871] clocksource: jiffies: mask: 0xffffffff max_cycles: 0xffffffff, max_idle_ns: 7645041785100000 ns
[   22.040442] futex hash table entries: 512 (order: 3, 32768 bytes)
[   22.075558] pinctrl core: initialized pinctrl subsystem
[   22.134272] RTC time: 16:11:46, date: 03/12/18
[   22.174044] NET: Registered protocol family 16
[   22.209762] cpuidle: using governor ladder
[   22.265488] cpuidle: using governor menu
[   22.282782] PCCT header not found.
[   22.310351] ACPI: bus type PCI registered
[   22.331109] acpiphp: ACPI Hot Plug PCI Controller Driver version: 0.5
[   22.380125] PCI: Using configuration type 1 for base access
[   22.450677] ACPI: Added _OSI(Module Device)
[   22.474393] ACPI: Added _OSI(Processor Device)
[   22.509909] ACPI: Added _OSI(3.0 _SCP Extensions)
[   22.553970] ACPI: Added _OSI(Processor Aggregator Device)
[   22.607203] ACPI: Executed 1 blocks of module-level executable AML code
[   22.644502] ACPI: Interpreter enabled
[   22.666923] ACPI: (supports S0 S5)
[   22.691598] ACPI: Using IOAPIC for interrupt routing
[   22.735202] PCI: Using host bridge windows from ACPI; if necessary, use "pci=nocrs" and report a bug
[   22.845895] ACPI: PCI Root Bridge [PCI0] (domain 0000 [bus 00-ff])
[   22.891022] acpi PNP0A03:00: _OSC: OS supports [ASPM ClockPM Segments MSI]
[   22.938310] acpi PNP0A03:00: _OSC failed (AE_NOT_FOUND); disabling ASPM
[   22.993707] acpi PNP0A03:00: fail to add MMCONFIG information, can't access extended PCI configuration space under this bridge.
[   23.093383] PCI host bridge to bus 0000:00
[   23.118373] pci_bus 0000:00: root bus resource [io  0x0000-0x0cf7 window]
[   23.232846] pci_bus 0000:00: root bus resource [io  0x0d00-0xffff window]
[   23.255250] pci_bus 0000:00: root bus resource [mem 0x000a0000-0x000bffff window]
[   23.300349] pci_bus 0000:00: root bus resource [mem 0x80000000-0xffdfffff window]
[   23.355543] pci_bus 0000:00: root bus resource [bus 00-ff]
[   23.420953] pci 0000:00:01.1: legacy IDE quirk: reg 0x10: [io  0x01f0-0x01f7]
[   23.494948] pci 0000:00:01.1: legacy IDE quirk: reg 0x14: [io  0x03f6]
[   23.496042] pci 0000:00:01.1: legacy IDE quirk: reg 0x18: [io  0x0170-0x0177]
[   23.497272] pci 0000:00:01.1: legacy IDE quirk: reg 0x1c: [io  0x0376]
[   23.582258] ACPI: PCI Interrupt Link [LNKA] (IRQs 5 9 10 11) *0, disabled.
[   23.622702] ACPI: PCI Interrupt Link [LNKB] (IRQs 5 9 10 *11)
[   23.658648] ACPI: PCI Interrupt Link [LNKC] (IRQs 5 9 *10 11)
[   23.695165] ACPI: PCI Interrupt Link [LNKD] (IRQs 5 *9 10 11)
[   23.730775] ACPI: Enabled 2 GPEs in block 00 to 07
[   23.778423] vgaarb: setting as boot device: PCI:0000:00:02.0
[   23.826001] vgaarb: device added: PCI:0000:00:02.0,decodes=io+mem,owns=io+mem,locks=none
[   23.894022] vgaarb: loaded
[   23.915071] vgaarb: bridge control possible 0000:00:02.0
[   23.956675] SCSI subsystem initialized
[   23.978202] ACPI: bus type USB registered
[   23.983230] usbcore: registered new interface driver usbfs
[   23.984203] usbcore: registered new interface driver hub
[   23.985166] usbcore: registered new device driver usb
[   23.986413] PCI: Using ACPI for IRQ routing
[   24.002601] NetLabel: Initializing
[   24.015552] NetLabel:  domain hash size = 128
[   24.054874] NetLabel:  protocols = UNLABELED CIPSOv4
[   24.082680] NetLabel:  unlabeled traffic allowed by default
[   24.107431] amd_nb: Cannot enumerate AMD northbridges
[   24.136492] clocksource: Switched to clocksource kvm-clock
[   4.922]AppArmr: ppArmo Flestem Enabed[  2.599 pnp PP CP ini
   248602] pp: PP PI fund 3 deic
[   25.212061] clocksource: acpi_pm: mask: 0xffffff max_cycles: 0xffffff, max_idle_ns: 2085701024 ns
[   25.246758] NET: Registered protocol family 2
[   25.278170] TCP established hash table entries: 16384 (order: 5, 131072 bytes)
[   25.323096] TCP bind hash table entries: 16384 (order: 6, 262144 bytes)
[   25.345337] TCP: Hash tables configured (established 16384 bind 16384)
[   25.368771] UDP hash table entries: 1024 (order: 3, 32768 bytes)
[   25.430637] UDP-Lite hash table entries: 1024 (order: 3, 32768 bytes)
[   25.456773] NET: Registered protocol family 1
[   25.472206] pci 0000:00:00.0: Limiting direct PCI/PCI transfers
[   25.516998] pci 0000:00:01.0: Activating ISA DMA hang workarounds
[   25.568272] Unpacking initramfs...
[   25.845170] Freeing initrd memory: 15276K
[   25.88421]pltfrmtc_cms:reisered pator R dvie (no PP evice found)
[   26.9868Scnnngorowmemoy rrti ery60sends
[ 2699651] scRenedTS clocksource calbratio: 1907MH
[   27.520586] clocksource: tsc: mk:0xfffffffffmaxcyle 01f40195, axid_n: 40523831 ns

[   2.521034] audit: initiazig etin ssy (sale)
[   27.521049] audit: type=2000 audit(1520871093.954:1): initialized
[   27.521286] Initialise system trusted keyring
[   27.521381] HugeTLB registered 2 MB page size, pre-allocated 0 pages
[   27.522702] zbud: loaded
[   27.523045] VFS: Disk quotas dquot_6.6.0
[   27.523081] VFS: Dquot-cache hash table entries: 512 (order 0, 4096 bytes)
[   27.523375] squashfs: version 4.0 (2009/01/31) Phillip Lougher
[   27.523659] fuse init (API version 7.23)
[   27.523788] Key type big_key registered
[   27.523799] Allocating IMA MOK and blacklist keyrings.
[   27.523966] Key type asymmetric registered
[   27.523968] Asymmetric key parser 'x509' registered
[   27.523996] Block layer SCSI generic (bsg) driver version 0.4 loaded (major 249)
[   27.524012] io scheduler noop registered
[   27.524014] io scheduler deadline registered (default)
[   27.524037] io scheduler cfq registered
[   27.524119] pci_hotplug: PCI Hot Plug PCI Core version: 0.5
[   27.524124] pciehp: PCI Express Hot Plug Controller Driver version: 0.4
[   27.524442] ACPI: AC Adapter [AC] (on-line)
[   27.524488] input: Power Button as /devices/LNXSYSTM:00/LNXPWRBN:00/input/input0
[   27.524490] ACPI: Power Button [PWRF]
[   27.524582] input: Sleep Button as /devices/LNXSYSTM:00/LNXSLPBN:00/input/input1
[   27.524584] ACPI: Sleep Button [SLPF]
[   27.524701] GHES: HEST is not enabled!
[   27.524831] Serial: 8250/16550 driver, 32 ports, IRQ sharing enabled
[   28.301720] 00:02: ttyS0 at I/O 0x3f8 (irq = 4, base_baud = 115200) is a 16550A
[   28.769502] ACPI: Battery Slot [BAT0] (battery present)
[   28.770364] Linux agpgart interface v0.103
[   28.782144] loop: module loaded
[   28.782856] scsi host0: ata_piix
[   28.782906] scsi host1: ata_piix
[   28.782932] ata1: PATA max UDMA/33 cmd 0x1f0 ctl 0x3f6 bmdma 0xd000 irq 14
[   28.782933] ata2: PATA max UDMA/33 cmd 0x170 ctl 0x376 bmdma 0xd008 irq 15
[   28.783004] libphy: Fixed MDIO Bus: probed
[   28.783006] tun: Universal TUN/TAP device driver, 1.6
[   28.783006] tun: (C) 1999-2004 Max Krasnyansky <maxk@qualcomm.com>
[   28.783289] PPP generic driver version 2.4.2
[   28.783340] ehci_hcd: USB 2.0 'Enhanced' Host Controller (EHCI) Driver
[   28.783344] ehci-pci: EHCI PCI platform driver
[   28.783358] ehci-platform: EHCI generic platform driver
[   28.783366] ohci_hcd: USB 1.1 'Open' Host Controller (OHCI) Driver
[   28.783369] ohci-pci: OHCI PCI platform driver
[   28.783376] ohci-platform: OHCI generic platform driver
[   28.783382] uhci_hcd: USB Universal Host Controller Interface driver
[   28.783463] i8042: PNP: PS/2 Controller [PNP0303:PS2K,PNP0f03:PS2M] at 0x60,0x64 irq 1,12
[   28.818506] serio: i8042 KBD port at 0x60,0x64 irq 1
[   28.818513] serio: i8042 AUX port at 0x60,0x64 irq 12
[   28.818646] mousedev: PS/2 mouse device common for all mice
[   28.818959] rtc_cmos rtc_cmos: rtc core: registered rtc_cmos as rtc0
[   28.819015] rtc_cmos rtc_cmos: alarms up to one day, 114 bytes nvram
[   28.819025] i2c /dev entries driver
[   28.819085] device-mapper: uevent: version 1.0.3
[   28.819133] device-mapper: ioctl: 4.34.0-ioctl (2015-10-28) initialised: dm-devel@redhat.com
[   28.819158] ledtrig-cpu: registered to indicate activity on CPUs
[   28.819572] NET: Registered protocol family 10
[   28.819724] NET: Registered protocol family 17
[   28.819733] Key type dns_resolver registered
[   28.850146] microcode: CPU0 sig=0x40661, pf=0x40, revision=0x0
[   28.850210] microcode: CPU1 sig=0x40661, pf=0x40, revision=0x0
[   28.850328] microcode: Microcode Update Driver: v2.01 <tigran@aivazian.fsnet.co.uk>, Peter Oruba
[   28.850496] registered taskstats version 1
[   28.850512] Loading compiled-in X.509 certificates
[   28.851206] Loaded X.509 cert 'Build time autogenerated kernel key: aa84f01984fbd529c105810b59e379d349698248'
[   28.851248] zswap: loaded using pool lzo/zbud
[   28.854366] Key type trusted registered
[   28.859969] Key type encrypted registered
[   28.859976] AppArmor: AppArmor sha1 policy hashing enabled
[   28.859978] ima: No TPM chip found, activating TPM-bypass!
[   28.860003] evm: HMAC attrs: 0x1
[   28.860349]   Magic number: 10:196:186
[   28.890240] rtc_cmos rtc_cmos: setting system clock to 2018-03-12 16:11:53 UTC (1520871113)
[   28.890437] BIOS EDD facility v0.16 2004-Jun-25, 0 devices found
[   28.890438] EDD information not available.
[   29.073379] input: AT Translated Set 2 keyboard as /devices/platform/i8042/serio0/input/input2
[   31.915181] Freeing unused kernel memory: 1508K
[   31.964060] Write protecting the kernel read-only data: 14336k
[   32.032014] Freeing unused kernel memory: 1700K
[   32.062300] Freeing unused kernel memory: 104K
Loading, please wait...
starting version[   32.105082] random: systemd-udevd: uninitialized urandom read (16 bytes read, 4 bits of entropy available)
 229
[   32.105542] random: udevadm: uninitialized urandom read (16 bytes read, 4 bits of entropy available)
[   32.105605] random: udevadm: uninitialized urandom read (16 bytes read, 4 bits of entropy available)
[   32.120877] random: udevadm: uninitialized urandom read (16 bytes read, 4 bits of entropy available)
[   32.120927] random: udevadm: uninitialized urandom read (16 bytes read, 4 bits of entropy available)
[   32.121159] random: udevadm: uninitialized urandom read (16 bytes read, 4 bits of entropy available)
[   32.121234] random: udevadm: uninitialized urandom read (16 bytes read, 4 bits of entropy available)
[   32.121299] random: udevadm: uninitialized urandom read (16 bytes read, 4 bits of entropy available)
[   32.121367] random: udevadm: uninitialized urandom read (16 bytes read, 4 bits of entropy available)
[   32.121433] random: udevadm: uninitialized urandom read (16 bytes read, 4 bits of entropy available)
[   32.580025] Fusion MPT base driver 3.04.20
[   32.588385] Copyright (c) 1999-2008 LSI Corporation
[   32.607594] e1000: Intel(R) PRO/1000 Network Driver - version 7.3.21-k8-NAPI
[   32.622909] e1000: Copyright (c) 1999-2006 Intel Corporation.
[   32.672174] AVX version of gcm_enc/dec engaged.
[   32.691011] AES CTR mode by8 optimization enabled
[   32.728301] Fusion MPT SPI Host driver 3.04.20
[   32.885633] input: ImExPS/2 Generic Explorer Mouse as /devices/platform/i8042/serio1/input/input4
[   33.325090] e1000 0000:00:03.0 eth0: (PCI:33MHz:32-bit) 02:c0:e2:3c:71:11
[   33.381103] e1000 0000:00:03.0 eth0: Intel(R) PRO/1000 Network Connection
[   33.825430] e1000 0000:00:08.0 eth1: (PCI:33MHz:32-bit) 08:00:27:14:5a:e5
[   33.909291] e1000 0000:00:08.0 eth1: Intel(R) PRO/1000 Network Connection
[   33.947091] e1000 0000:00:03.0 enp0s3: renamed from eth0
[   33.996012] mptbase: ioc0: Initiating bringup
[   34.025285] e1000 0000:00:08.0 enp0s8: renamed from eth1
[   34.112670] ioc0: LSI53C1030 A0: Capabilities={Initiator}
[   35.343893] scsi host2: ioc0: LSI53C1030 A0, FwRev=00000000h, Ports=1, MaxQ=256, IRQ=20
[   35.789425] floppy0: no floppy controllers found
[   35.952814] scsi 2:0:0:0: Direct-Access     VBOX     HARDDISK         1.0  PQ: 0 ANSI: 5
[   35.966213] scsi target2:0:0: Beginning Domain Validation
[   36.770818] scsi target2:0:0: Domain Validation skipping write tests
[   36.843726] scsi target2:0:0: Ending Domain Validation
[   36.889385] scsi target2:0:0: asynchronous
[   36.890604] scsi 2:0:1:0: Direct-Access     VBOX     HARDDISK         1.0  PQ: 0 ANSI: 5
[   36.892101] scsi target2:0:1: Beginning Domain Validation
[   37.166394] scsi target2:0:1: Domain Validation skipping write tests
[   37.806836] scsi target2:0:1: Ending Domain Validation
[   37.866848] scsi target2:0:1: asynchronous
[   37.916116] sd 2:0:0:0: [sda] 20971520 512-byte logical blocks: (10.7 GB/10.0 GiB)
[   37.916166] sd 2:0:0:0: Attached scsi generic sg0 type 0
[   38.001750] sd 2:0:1:0: Attached scsi generic sg1 type 0
[   38.002064] sd 2:0:1:0: [sdb] 20480 512-byte logical blocks: (10.5 MB/10.0 MiB)
[   38.002395] sd 2:0:1:0: [sdb] Write Protect is off
[   38.002542] sd 2:0:1:0: [sdb] Incomplete mode parameter data
[   38.002544] sd 2:0:1:0: [sdb] Assuming drive cache: write through
[   38.005772] sd 2:0:1:0: [sdb] Attached SCSI disk
[   38.266453] sd 2:0:0:0: [sda] Write Protect is off
[   38.317110] sd 2:0:0:0: [sda] Incomplete mode parameter data
[   38.365225] sd 2:0:0:0: [sda] Assuming drive cache: write through
[   38.423251]  sda: sda1
[   38.458264] sd 2:0:0:0: [sda] Attached SCSI disk
Begin: Loading e[   39.892740] md: linear personality registered for level -1
ssential drivers ... [   39.949375] md: multipath personality registered for level -4
[   40.014782] md: raid0 personality registered for level 0
[   40.081499] md: raid1 personality registered for level 1
[   40.196572] raid6: sse2x1   gen()  8248 MB/s
[   40.292517] raid6: sse2x1   xor()  6927 MB/s
[   40.392772] raid6: sse2x2   gen() 11208 MB/s
[   40.492702] raid6: sse2x2   xor()  7368 MB/s
[   40.564619] raid6: sse2x4   gen() 12814 MB/s
[   40.672581] raid6: sse2x4   xor()  9089 MB/s
[   40.727515] raid6: using algorithm sse2x4 gen() 12814 MB/s
[   40.774567] raid6: .... xor() 9089 MB/s, rmw enabled
[   40.814564] raid6: using ssse3x2 recovery algorithm
[   40.867506] xor: automatically using best checksumming function:
[   40.932606]    avx       : 14155.000 MB/sec
[   40.951793] async_tx: api initialized (async)
[   41.001040] md: raid6 personality registered for level 6
[   41.042315] md: raid5 personality registered for level 5
[   41.076839] md: raid4 personality registered for level 4
[   41.154546] md: raid10 personality registered for level 10
done.
Begin: Running /scripts/init-premount ... done.
Begin: Mounting root file system ... Begin: R[   41.258238] Btrfs loaded
unning /scripts/local-top ... done.
Begin: Running /scripts/loc[   41.321259] EXT4-fs (sda1): mounted filesystem with ordered data mode. Opts: (null)
al-premount ... Scanning for Btrfs filesystems
done.
Warning: fsck not present, so skipping root file system
done.
Begin: Running /scripts/local-bottom ... done.
Begin: Running /scripts/init-bottom ... done.
[   41.499399] systemd[1]: systemd 229 running in system mode. (+PAM +AUDIT +SELINUX +IMA +APPARMOR +SMACK +SYSVINIT +UTMP +LIBCRYPTSETUP +GCRYPT +GNUTLS +ACL +XZ -LZ4 +SECCOMP +BLKID +ELFUTILS +KMOD -IDN)
[   41.647333] systemd[1]: Detected virtualization oracle.
[   41.711663] systemd[1]: Detected architecture x86-64.

Welcome to [1mUbuntu 16.04.3 LTS[0m!

[ 4180856] systemd[1]: Set hotnmeto<untu-xenial>
[   42.278373] systemd[1]: Listening on udev Kernel Socket.
[[0;32m  OK  [0m] Listening on udev Kernel Socket.
[  43593] ysmd1]Lienin o Sslog ocet
[[0;32m  OK  [0m] Listening on Syslog Socket.
[   42.894]syted[]:Started Foward Passord Reqests to Wal irectory Watch.
[[0;32m  OK  [0m] Started Forward Password Requests to Wall Directory Watch.
[  43896] std[: stein on LVM2 mtaatdamo sckt.
[[0;32m  OK  [0m] Listening on LVM2 metadata daemon socket.
[  407322]ysmd1] Reached target Enrypte Vlus.
[[0;32m  OK  [0m] Reached target Encrypted Volumes.
[  445506 sstd[1]: Lisenngn /dv/intc CmpatiltyNaed Pipe.

[[0;32m  OK  [0m] Listening on /dev/initctl Compatibility Named Pipe.
[ 452081] systemd[1]: Se u aomntrbtrryxeutableile Formats File Sstm toun Pnt

[[0;32m  OK  [0m] Set up automount Arbitrary Executab...ats File System Automount Point.
[ 46.1307systed[]: Listein on oualSocet/dv/og.
[[0;32m  OK  [0m] Listening on Journal Socket (/dev/log).
[   46.674631] systemd[1]: Listni on Jouraludt ocke
[[0;32m  OK  [0m] Listening on Journal Audit Socket.
[ 470299]syte[1: Lstning on VM2 poll daemon soct.

[[0;32m  OK  [0m] Listening on LVM2 poll daemon socket.
[  44442 sted[1]:Crte slice Usr d essionSle.

[[0;32m  OK  [0m] Created slice User and Session Slice.
[  4.0289]ysmd1]Started Trigger resolvcon uat fo nworkd DS.
[[0;32m  OK  [0m] Started Trigger resolvconf update for networkd DNS.
[ 486117 sysem1] Lstening n evice-mapperevnt damo FOs

[[0;32m  OK  [0m] Listening on Device-mapper event daemon FIFOs.
[  422753] systmd[1: acedtaetUsr ndrop am Lokups.
[[0;32m  OK  [0m] Reached target User and Group Name Lookups.
[  49.8692] ysmd1] Rchd aretwa
[[0;32m  OK  [0m] Reached target Swap.
[   0.3703 sstd[]:Crted sceysem Slice.
[[0;32m  OK  [0m] Created slice System Slice.
[   50.837367] system[1: reated slice sstm-eralx2gety.slie.

[[0;32m  OK  [0m] Created slice system-serial\x2dgetty.slice.
[  51811] systemd[1 Rch tgeSlce
[[0;32m  OK  [0m] Reached target Slices.
[ 51.701507] systd[]: Liteing on udeCotrl ck.
[[0;32m  OK  [0m] Listening on udev Control Socket.
[  5.184958 ssted[1]: Listening o Juralocet
[[0;32m  OK  [0m] Listening on Journal Socket.
[   52.584893] systemd[1]: Starting Monitoring of LVM2 mirrors, snapshots etc. using dmeventd or progress polling...
[   52.653798] random: nonblocking pool is initialized
         Starting Monitoring of LVM2 mirrors... dmeventd or progress polling...
[   52.748961] systemd[1]: Starting Nameserver information manager...
         Starting Nameserver information manager...
[   52.857150] systemd[1]: Mounting Huge Pages File System...
         Mounting Huge Pages File System...
[   52.924922] systemd[1]: Starting Create list of required static device nodes for the current kernel...
         Starting Create list of required st... nodes for the current kernel...
[   53.076966] systemd[1]: Starting Journal Service...
         Starting Journal Service...
[   53.102159] systemd[1]: Starting Remount Root and Kernel File Systems...
         [   53.131844] EXT4-fs (sda1): re-mounted. Opts: (null)
Starting Remount Root and Kernel File Systems...
[   53.301173] systemd[1]: Starting Load Kernel Modules...
         Starting Load Kernel Modules...[   53.352018] Loading iSCSI transport class v2.0-870.

[   53.376266] systemd[1]: Starting Uncomplicated firewall...
         Starting Uncompl[   53.404207] iscsi: registered transport (tcp)
icated firewall...
[   54.715459] iscsi: registered transport (iser)
[   54.771096] systemd[1]: Mounting Debug File System...
         Mounting Debug File System...
[   54.829026] systemd[1]: Starting Set console keymap...
         Starting Set console keymap...
[   54.924989] systemd[1]: Mounting POSIX Message Queue File System...
         Mounting POSIX Message Queue File System...
[   54.979554] systemd[1]: Mounted POSIX Message Queue File System.
[[0;32m  OK  [0m] Mounted POSIX Message Queue File System.
[   55.052732] systemd[1]: Mounted Huge Pages File System.
[[0;32m  OK  [0m] Mounted Huge Pages File System.
[   55.092527] systemd[1]: Mounted Debug File System.
[[0;32m  OK  [0m] Mounted Debug File System.
[   55.125043] systemd[1]: Started Journal Service.
[[0;32m  OK  [0m] Started Journal Service.
[[0;32m  OK  [0m] Started Create list of required sta...ce nodes for the current kernel.
[[0;32m  OK  [0m] Started Remount Root and Kernel File Systems.
[[0;32m  OK  [0m] Started Load Kernel Modules.
[[0;32m  OK  [0m] Started Uncomplicated firewall.
[[0;32m  OK  [0m] Started Set console keymap.
[[0;32m  OK  [0m] Started Nameserver information manager.
[[0;32m  OK  [0m] Started LVM2 metadata daemon.
         Mounting FUSE Control File System...
         Starting Apply Kernel Variables...
         Starting Initial cloud-init job (pre-networking)...
         Starting Load/Save Random Seed...
         Starting udev Coldplug all Devices...
         Starting Create Static Device Nodes in /dev...
         Starting Flush Journal to Persistent Storage...
[[0;32m  OK  [0m] Mounted FUSE Control File System.
[[0;32m  OK  [0m] Started Apply Kernel Variables.
[[0;32m  OK  [0m] Started Load/Save Random Seed.
[[0;32m  OK  [0m] Started Create Static Device Nodes in /dev.
[[0;32m  OK  [0m] Started udev Coldplug all Devices.
[[0;32m  OK  [0m] Started Flush Journal to Persistent Storage.
[[0;32m  OK  [0m] Started Monitoring of LVM2 mirrors,...ng dmeventd or progress polling.
         Starting udev Kernel Device Manager...
[[0;32m  OK  [0m] Started udev Kernel Device Manager.
[[0;32m  OK  [0m] Started Dispatch Password Requests to Console Directory Watch.
[[0;32m  OK  [0m] Reached target Local File Systems (Pre).
[[0;32m  OK  [0m] Reached target Local File Systems.
         Starting Create Volatile Files and Directories...
         Starting Set console font and keymap...
         Starting Tell Plymouth To Write Out Runtime Data...
         Starting LSB: AppArmor initialization...
[[0;32m  OK  [0m] Started Create Volatile Files and Directories.
[[0;32m  OK  [0m] Started Tell Plymouth To Write Out Runtime Data.
[   33.475977] cloud-init[458]: Cloud-init v. 0.7.9 running 'init-local' at Mon, 12 Mar 2018 16:12:20 +0000. Up 32.81 seconds.
[[0;32m  OK  [0m] Found device /dev/ttyS0.
[[0;32m  OK  [0m] Started LSB: AppArmor initialization.
[[0;32m  OK  [0m] Started Initial cloud-init job (pre-networking).
[[0;32m  OK  [0m] Listening on Load/Save RF Kill Switch Status /dev/rfkill Watch.
[[0;32m  OK  [0m] Reached target Network (Pre).
[[0;32m  OK  [0m] Started ifup for enp0s3.
[[0;32m  OK  [0m] Started ifup for enp0s8.
         Starting Raise network interfaces...
         Starting Update UTMP about System Boot/Shutdown...
[[0;32m  OK  [0m] Reached target System Time Synchronized.
[[0;32m  OK  [0m] Started Set console font and keymap.
[[0;32m  OK  [0m] Found device 82540EM Gigabit Ethern...r (PRO/1000 MT Desktop Adapter).
[[0;32m  OK  [0m] Found device 82540EM Gigabit Ethern...r (PRO/1000 MT Desktop Adapter).
[[0;32m  OK  [0m] Started Update UTMP about System Boot/Shutdown.
[[0;32m  OK  [0m] Created slice system-getty.slice.
[[0;32m  OK  [0m] Started Raise network interfaces.
         Starting Initial cloud-init job (metadata service crawler)...
[[0;32m  OK  [0m] Reached target Network.
[   36.659488] cloud-init[1054]: Cloud-init v. 0.7.9 running 'init' at Mon, 12 Mar 2018 16:12:24 +0000. Up 36.36 seconds.
[[0;32m  OK  [0m] Started Initial cloud-init job (metadata service crawler).
[[0;32m  OK  [0m] Reached target Cloud-config availability.
[   36.751167] cloud-init[1054]: ci-info: ++++++++++++++++++++++++++++++++++++++Net device info++++++++++++++++++++++++++++++++++++++
[[0;32m  OK  [0m] Reached target System Initialization.
[   36.809441] cloud-init[1054]: ci-info: +--------+------+-----------------------------+---------------+-------+-------------------+
[   36.916301] cloud-init[1054]: ci-info: | Device |  Up  |           Address           |      Mask     | Scope |     Hw-Address    |
[   36.916565] cloud-init[1054]: ci-info: +--------+------+-----------------------------+---------------+-------+-------------------+
[   36.916697] cloud-init[1054]: ci-info: | enp0s3 | True |          10.0.2.15          | 255.255.255.0 |   .   | 02:c0:e2:3c:71:11 |
[   36.916832] cloud-init[1054]: ci-info: | enp0s3 | True |  fe80::c0:e2ff:fe3c:7111/64 |       .       |  link | 02:c0:e2:3c:71:11 |
[   36.916962] cloud-init[1054]: ci-info: |   lo   | True |          127.0.0.1          |   255.0.0.0   |   .   |         .         |
[   36.917233] cloud-init[1054]: ci-info: |   lo   | True |           ::1/128           |       .       |  host |         .         |
[   36.917365] cloud-init[1054]: ci-info: | enp0s8 | True |        172.16.255.20        | 255.255.255.0 |   .   | 08:00:27:14:5a:e5 |
[   36.917508] cloud-init[1054]: ci-info: | enp0s8 | True | fe80::a00:27ff:fe14:5ae5/64 |       .       |  link | 08:00:27:14:5a:e5 |
[   36.917632] cloud-init[1054]: ci-info: +--------+------+-----------------------------+---------------+-------+-------------------+
[   36.917764] cloud-init[1054]: ci-info: ++++++++++++++++++++++++++++Route IPv4 info++++++++++++++++++++++++++++
[   36.917897] cloud-init[1054]: ci-info: +-------+--------------+----------+---------------+-----------+-------+
[   36.918031] cloud-init[1054]: ci-info: | Route | Destination  | Gateway  |    Genmask    | Interface | Flags |
[   36.918163] cloud-init[1054]: ci-info: +-------+--------------+----------+---------------+-----------+-------+
[   36.918297] cloud-init[1054]: ci-info: |   0   |   0.0.0.0    | 10.0.2.2 |    0.0.0.0    |   enp0s3  |   UG  |
[   36.918430] cloud-init[1054]: ci-info: |   1   |   10.0.2.0   | 0.0.0.0  | 255.255.255.0 |   enp0s3  |   U   |
[[0;32m  OK  [0m] Started Timer to automatically refresh installed snaps.
[   36.918608] cloud-init[1054]: ci-info: |   2   | 172.16.255.0 | 0.0.0.0  | 255.255.255.0 |   enp0s8  |   U   |
[   38.524385] cloud-init[1054]: ci-info: +-------+--------------+----------+---------------+-----------+-------+
         Starting LXD - unix socket.
[[0;32m  OK  [0m] Listening on ACPID Listen Socket.
         Starting Socket activation for snappy daemon.
[[0;32m  OK  [0m] Started ACPI Events Check.
[[0;32m  OK  [0m] Reached target Paths.
[[0;32m  OK  [0m] Listening on D-Bus System Message Bus Socket.
[[0;32m  OK  [0m] Listening on UUID daemon activation socket.
[[0;32m  OK  [0m] Started Daily Cleanup of Temporary Directories.
[[0;32m  OK  [0m] Reached target Network is Online.
         Starting iSCSI initiator daemon (iscsid)...
[[0;32m  OK  [0m] Started Daily apt download activities.
[[0;32m  OK  [0m] Started Daily apt upgrade and clean activities.
[[0;32m  OK  [0m] Reached target Timers.
[[0;32m  OK  [0m] Listening on LXD - unix socket.
[[0;32m  OK  [0m] Listening on Socket activation for snappy daemon.
[[0;32m  OK  [0m] Started iSCSI initiator daemon (iscsid).
         Starting Login to default iSCSI targets...
[[0;32m  OK  [0m] Reached target Sockets.
[[0;32m  OK  [0m] Reached target Basic System.
         Starting Login Service...
         Starting /etc/rc.local Compatibility...
[[0;32m  OK  [0m] Started Deferred execution scheduler.
         Starting LSB: MD monitoring daemon...
[[0;32m  OK  [0m] Started D-Bus System Message Bus.
         Starting LSB: Record successful boot for GRUB...
         Starting Accounts Service...
[[0;32m  OK  [0m] Started Regular background program processing daemon.
[[0;32m  OK  [0m] Started Snappy daemon.
         Starting Auto import assertions from block devices...
         Starting System Logging Service...
         Starting Apply the settings specified in cloud-config...
[[0;32m  OK  [0m] Started ACPI event daemon.
[[0;32m  OK  [0m] Started FUSE filesystem for LXC.
         Starting OpenBSD Secure Shell server...
[[0;32m  OK  [0m] Started Unattended Upgrades Shutdown.
         Starting LXD - container startup/shutdown...
[[0;32m  OK  [0m] Started System Logging Service.
[[0;32m  OK  [0m] Started OpenBSD Secure Shell server.
[[0;32m  OK  [0m] Started /etc/rc.local Compatibility.
[[0;32m  OK  [0m] Started Auto import assertions from block devices.
[[0;32m  OK  [0m] Started LXD - container startup/shutdown.
[[0;32m  OK  [0m] Started Login to default iSCSI targets.
[[0;32m  OK  [0m] Started LSB: Record successful boot for GRUB.
[   40.398041] cloud-init[1159]: Cloud-init v. 0.7.9 running 'modules:config' at Mon, 12 Mar 2018 16:12:28 +0000. Up 40.28 seconds.
[[0;32m  OK  [0m] Started LSB: MD monitoring daemon.
[[0;32m  OK  [0m] Started Apply the settings specified in cloud-config.
[[0;32m  OK  [0m] Started Login Service.
         Starting Authenticate and Authorize Users to Run Privileged Tasks...
[[0;32m  OK  [0m] Reached target Remote File Systems (Pre).
[[0;32m  OK  [0m] Reached target Remote File Systems.
         Starting LSB: daemon to balance interrupts for SMP systems...
         Starting LSB: automatic crash report generation...
         Starting LSB: Set the CPU Frequency Scaling governor to "ondemand"...
         Starting LSB: VirtualBox Linux Additions...
         Starting Permit User Sessions...
[[0;32m  OK  [0m] Started Permit User Sessions.
[[0;32m  OK  [0m] Started Authenticate and Authorize Users to Run Privileged Tasks.
[[0;32m  OK  [0m] Started Accounts Service.
[[0;32m  OK  [0m] Created slice User Slice of ubuntu.
         Starting User Manager for UID 1000...
[[0;32m  OK  [0m] Started Session 1 of user ubuntu.
         Starting Terminate Plymouth Boot Screen...
         Starting Hold until boot process finishes up...
[[0;32m  OK  [0m] Started User Manager for UID 1000.
[[0;32m  OK  [0m] Started LSB: daemon to balance interrupts for SMP systems.
[[0;32m  OK  [0m] Started LSB: automatic crash report generation.
[[0;32m  OK  [0m] Started LSB: Set the CPU Frequency Scaling governor to "ondemand".
[[0;32m  OK  [0m] Started LSB: VirtualBox Linux Additions.
[[0;32m  OK  [0m] Started Terminate Plymouth Boot Screen.
[[0;32m  OK  [0m] Started Hold until boot process finishes up.
[[0;32m  OK  [0m] Started Getty on tty1.
[[0;32m  OK  [0m] Started Serial Getty on ttyS0.
[[0;32m  OK  [0m] Reached target Login Prompts.
         Starting Set console scheme...
[[0;32m  OK  [0m] Reached target Multi-User System.
         Starting Execute cloud user/final scripts...
[[0;32m  OK  [0m] Reached target Graphical Interface.
         Starting Update UTMP about System Runlevel Changes...
[[0;32m  OK  [0m] Started Set console scheme.
[[0;32m  OK  [0m] Started Update UTMP about System Runlevel Changes.
[   42.230261] cloud-init[1299]: Cloud-init v. 0.7.9 running 'modules:final' at Mon, 12 Mar 2018 16:12:30 +0000. Up 42.11 seconds.
[   42.328533] cloud-init[1299]: Cloud-init v. 0.7.9 finished at Mon, 12 Mar 2018 16:12:30 +0000. Datasource DataSourceNoCloud [seed=/dev/sdb][dsmode=net].  Up 42.22 seconds
[[0;32m  OK  [0m] Started Execute cloud user/final scripts.
[[0;32m  OK  [0m] Reached target Cloud-init target.

Ubuntu 16.04.3 LTS ubuntu-xenial ttyS0

ubuntu-xenial login:                  Stopping D-Bus System Message Bus...
         Stopping LSB: Set the CPU Frequency Scaling governor to "ondemand"...
         Stopping Unattended Upgrades Shutdown...
         Stopping LSB: MD monitoring daemon...
         Stopping Snappy daemon...
         Stopping Getty on tty1...
         Stopping OpenBSD Secure Shell server...
         Stopping LSB: Record successful boot for GRUB...
         Stopping LSB: VirtualBox Linux Additions...
[[0;32m  OK  [0m] Stopped target System Time Synchronized.
         Stopping LSB: daemon to balance interrupts for SMP systems...
         Stopping LSB: automatic crash report generation...
         Stopping Regular background program processing daemon...
         Stopping LXD - container startup/shutdown...
[[0;32m  OK  [0m] Unmounted /var/lib/lxcfs.
[[0;32m  OK  [0m] Stopped Deferred execution scheduler.
[[0;32m  OK  [0m] Stopped Accounts Service.
[[0;32m  OK  [0m] Stopped Regular background program processing daemon.
[[0;32m  OK  [0m] Stopped Snappy daemon.
[[0;32m  OK  [0m] Stopped System Logging Service.
[[0;32m  OK  [0m] Stopped ACPI event daemon.
[[0;32m  OK  [0m] Stopped OpenBSD Secure Shell server.
[[0;32m  OK  [0m] Stopped Authenticate and Authorize Users to Run Privileged Tasks.
[[0;32m  OK  [0m] Stopped Getty on tty1.
[[0;32m  OK  [0m] Stopped Serial Getty on ttyS0.
[[0;32m  OK  [0m] Stopped User Manager for UID 1000.
[[0;32m  OK  [0m] Stopped Daemon for generating UUIDs.
[[0;32m  OK  [0m] Stopped D-Bus System Message Bus.
[[0;32m  OK  [0m] Stopped Session 2 of user ubuntu.
[[0;32m  OK  [0m] Stopped Session 29 of user ubuntu.
[[0;32m  OK  [0m] Stopped Unattended Upgrades Shutdown.
[[0;32m  OK  [0m] Stopped FUSE filesystem for LXC.
[[0;32m  OK  [0m] Stopped LSB: Set the CPU Frequency Scaling governor to "ondemand".
[[0;32m  OK  [0m] Stopped LSB: MD monitoring daemon.
[[0;32m  OK  [0m] Stopped LSB: Record successful boot for GRUB.
[[0;32m  OK  [0m] Stopped LSB: daemon to balance interrupts for SMP systems.
[[0;32m  OK  [0m] Stopped LSB: VirtualBox Linux Additions.
[[0;32m  OK  [0m] Stopped LSB: automatic crash report generation.
[[0;32m  OK  [0m] Stopped LXD - container startup/shutdown.
[[0;32m  OK  [0m] Removed slice User Slice of ubuntu.
         Stopping Login Service...
[[0;32m  OK  [0m] Removed slice system-serial\x2dgetty.slice.
         Stopping Permit User Sessions...
[[0;32m  OK  [0m] Stopped /etc/rc.local Compatibility.
[[0;32m  OK  [0m] Removed slice system-getty.slice.
[[0;32m  OK  [0m] Stopped Login Service.
[[0;32m  OK  [0m] Stopped Permit User Sessions.
[[0;32m  OK  [0m] Stopped target Remote File Systems.
[[0;32m  OK  [0m] Stopped target Remote File Systems (Pre).
         Stopping Login to default iSCSI targets...
[[0;32m  OK  [0m] Stopped target Basic System.
[[0;32m  OK  [0m] Stopped target Slices.
[[0;32m  OK  [0m] Stopped target Paths.
[[0;32m  OK  [0m] Stopped Forward Password Requests to Wall Directory Watch.
[[0;32m  OK  [0m] Stopped Dispatch Password Requests to Console Directory Watch.
[[0;32m  OK  [0m] Stopped ACPI Events Check.
[[0;32m  OK  [0m] Stopped target Sockets.
[[0;32m  OK  [0m] Closed ACPID Listen Socket.
[[0;32m  OK  [0m] Closed Syslog Socket.
[[0;32m  OK  [0m] Closed UUID daemon activation socket.
[[0;32m  OK  [0m] Closed LXD - unix socket.
[[0;32m  OK  [0m] Closed Socket activation for snappy daemon.
[[0;32m  OK  [0m] Stopped target User and Group Name Lookups.
[[0;32m  OK  [0m] Removed slice User and Session Slice.
[[0;32m  OK  [0m] Closed D-Bus System Message Bus Socket.
[[0;32m  OK  [0m] Stopped target System Initialization.
[[0;32m  OK  [0m] Stopped target Encrypted Volumes.
         Stopping Load/Save Random Seed...
[[0;32m  OK  [0m] Stopped target Swap.
         Stopping Update UTMP about System Boot/Shutdown...
[[0;32m  OK  [0m] Stopped Load/Save Random Seed.
[[0;32m  OK  [0m] Stopped Login to default iSCSI targets.
[[0;32m  OK  [0m] Stopped Update UTMP about System Boot/Shutdown.
[[0;32m  OK  [0m] Stopped Create Volatile Files and Directories.
         Stopping iSCSI initiator daemon (iscsid)...
[[0;32m  OK  [0m] Stopped iSCSI initiator daemon (iscsid).
[[0;32m  OK  [0m] Stopped target Network is Online.
[[0;32m  OK  [0m] Stopped Initial cloud-init job (metadata service crawler).
[[0;32m  OK  [0m] Stopped target Network.
         Stopping Raise network interfaces...
[[0;32m  OK  [0m] Stopped Raise network interfaces.
[[0;32m  OK  [0m] Stopped Apply Kernel Variables.
[[0;32m  OK  [0m] Stopped target Network (Pre).
[[0;32m  OK  [0m] Stopped Initial cloud-init job (pre-networking).
[[0;32m  OK  [0m] Stopped Load Kernel Modules.
[[0;32m  OK  [0m] Stopped target Local File Systems.
         Unmounting /run/user/1000...
         Unmounting /vagrant...
[[0;32m  OK  [0m] Unmounted /run/user/1000.
[[0;32m  OK  [0m] Unmounted /vagrant.
[[0;32m  OK  [0m] Reached target Unmount All Filesystems.
[[0;32m  OK  [0m] Stopped target Local File Systems (Pre).
         Stopping Monitoring of LVM2 mirrors... dmeventd or progress polling...
[[0;32m  OK  [0m] Stopped Create Static Device Nodes in /dev.
[[0;32m  OK  [0m] Stopped Remount Root and Kernel File Systems.
[[0;32m  OK  [0m] Reached target Shutdown.
[780.189] ebot: Pwedo